-------------------------------------------------------------------------------
Test set: drivetecTestCases.TestRunner
-------------------------------------------------------------------------------
Tests run: 1, Failures: 1, Errors: 0, Skipped: 0, Time elapsed: 56.832 s <<< FAILURE! - in drivetecTestCases.TestRunner
testParallel  Time elapsed: 56.814 s  <<< FAILURE!
org.opentest4j.AssertionFailedError: 
match failed: EQUALS
  $ | not equal (NUMBER:NUMBER)
  4.58
  5

classpath:drivetecTestCases/features/driveteclogin.feature:197
match failed: EQUALS
  $ | not equal (NUMBER:NUMBER)
  7.75
  8

classpath:drivetecTestCases/features/driveteclogin.feature:197 ==> expected: <true> but was: <false>
	at drivetecTestCases.TestRunner.testParallel(TestRunner.java:32)

