-------------------------------------------------------------------------------
Test set: drivetecTestCases.TestRunner
-------------------------------------------------------------------------------
Tests run: 1, Failures: 1, Errors: 0, Skipped: 0, Time elapsed: 6.102 s <<< FAILURE! - in drivetecTestCases.TestRunner
testParallel  Time elapsed: 6.086 s  <<< FAILURE!
org.opentest4j.AssertionFailedError: 
did not evaluate to 'true': actualOpeningAngle <= upperBound
classpath:drivetecTestCases/features/driveteclogin.feature:80 ==> expected: <true> but was: <false>
	at drivetecTestCases.TestRunner.testParallel(TestRunner.java:32)

