<?xml version="1.0" encoding="UTF-8"?>
<testsuite xmlns:xsi="http://www.w3.org/2001/XMLSchema-instance" xsi:noNamespaceSchemaLocation="https://maven.apache.org/surefire/maven-surefire-plugin/xsd/surefire-test-report-3.0.xsd" version="3.0" name="drivetecTestCases.TestRunner" time="6.465" tests="1" errors="0" skipped="0" failures="1">
  <properties>
[...]
</properties>
  <testcase name="testParallel" classname="drivetecTestCases.TestRunner" time="6.439">
    <failure message="match failed: EQUALS&#10;  $ | not equal (NUMBER:NUMBER)&#10;  28.83669047331989&#10;  29&#10;&#10;classpath:drivetecTestCases/features/driveteclogin.feature:75&#10;match failed: EQUALS&#10;  $ | not equal (NUMBER:NUMBER)&#10;  64&#10;  77&#10;&#10;classpath:drivetecTestCases/features/driveteclogin.feature:74&#10;match failed: EQUALS&#10;  $ | not equal (NUMBER:NUMBER)&#10;  74&#10;  77&#10;&#10;classpath:drivetecTestCases/features/driveteclogin.feature:74&#10;net.minidev.json.parser.ParseException: Unexpected character (}) at position 1353.&#10;classpath:drivetecTestCases/features/driveteclogin.feature:13 ==&gt; expected: &lt;true&gt; but was: &lt;false&gt;" type="org.opentest4j.AssertionFailedError"><![CDATA[org.opentest4j.AssertionFailedError: 
match failed: EQUALS
  $ | not equal (NUMBER:NUMBER)
  28.83669047331989
  29

classpath:drivetecTestCases/features/driveteclogin.feature:75
match failed: EQUALS
  $ | not equal (NUMBER:NUMBER)
  64
  77

classpath:drivetecTestCases/features/driveteclogin.feature:74
match failed: EQUALS
  $ | not equal (NUMBER:NUMBER)
  74
  77

classpath:drivetecTestCases/features/driveteclogin.feature:74
net.minidev.json.parser.ParseException: Unexpected character (}) at position 1353.
classpath:drivetecTestCases/features/driveteclogin.feature:13 ==> expected: <true> but was: <false>
	at org.junit.jupiter.api.AssertionFailureBuilder.build(AssertionFailureBuilder.java:151)
	at org.junit.jupiter.api.AssertionFailureBuilder.buildAndThrow(AssertionFailureBuilder.java:132)
	at org.junit.jupiter.api.AssertTrue.failNotTrue(AssertTrue.java:63)
	at org.junit.jupiter.api.AssertTrue.assertTrue(AssertTrue.java:36)
	at org.junit.jupiter.api.Assertions.assertTrue(Assertions.java:214)
	at drivetecTestCases.TestRunner.testParallel(TestRunner.java:32)
	at java.base/java.lang.reflect.Method.invoke(Method.java:568)
	at java.base/java.util.ArrayList.forEach(ArrayList.java:1511)
	at java.base/java.util.ArrayList.forEach(ArrayList.java:1511)
]]></failure>
    <system-out><![CDATA[12:39:37.615 [main] INFO  com.intuit.karate.Runner - using system property 'karate.options': --tags @drivetec
12:39:38.262 [main] DEBUG com.intuit.karate.Suite - [config] classpath:karate-config.js
12:39:38.266 [main] INFO  com.intuit.karate.Suite - backed up existing 'target\karate-reports' dir to: target\karate-reports_1730185778263
12:39:38.270 [main] DEBUG com.intuit.karate.Suite - waiting for 2 features to complete
12:39:39.550 [main] INFO  com.intuit.karate - karate.env system property was: null 
12:39:39.885 [main] DEBUG com.intuit.karate - request:
1 > PUT https://dev-drivetec-apis.schuecodigitalsolutions.com/Configurations
1 > Content-Type: application/json; charset=UTF-8
1 > Content-Length: 1268
1 > Host: dev-drivetec-apis.schuecodigitalsolutions.com
1 > Connection: Keep-Alive
1 > User-Agent: Apache-HttpClient/4.5.14 (Java/17.0.12)
1 > Accept-Encoding: gzip,deflate
{"Id":"8b11d2e1-fe65-46bb-82a6-4442277b52f2","Name":"asdefgh","Description":"","ProjectId":"d2659447-79dd-4004-bdd8-aebda2f103db","CustomTags":"","CreatedBy":"579816e4-6653-4794-b435-a885f32e28d7","ModifiedBy":"579816e4-6653-4794-b435-a885f32e28d7","System":"","FacadeInclination":0,"OpeningType":1,"OpeningDirection":1,"OpeningWidth":1000,"VentOuterWidth":1000,"VentOuterHeight":1500,"VentWeight":0,"CalculateWeightWithGlass":false,"RequiredOpeningStroke":747,"WindLoad":120,"SnowLoad":0,"IsWindowOpeningCalculationByAngle":1,"GlassThickness":14,"ProfileWeightPerSerialMeter":2.5,"DrivePosition":1,"InstallationPosition":0,"LockingMechanism":1,"Voltage":1,"DriveType":1,"TypeOfInstallation":2,"GeometricArea":0,"CalcVentilation":2,"SpecificExhaustDimension":45,"BuildingDepth":90,"CalculationTypeForVentilation":2,"HeightOfProfile":30,"HeightProfileRectangleAngle1":35,"HeightProfileRectangleAngle2":2,"RevealDepth":200,"RevealDepthRectangleAngle1":150,"RevealDepthRectangleAngle2":1000,"ChainLengthConnectingRodHandle":5,"ApplicationName":1,"OpeningAngle":15,"WeightIncGlassOrThickness":false,"AkippOrAtilt":0,"AdrehOrAturn":0,"Ageo":0,"MinPullingForceMax":0,"MinPushingForceMax":0,"MinPullingForcePermanent":0,"MinPushingForcePermanent":0,"ForceWithNegativeWind":0}

12:39:40.827 [main] DEBUG com.intuit.karate - response time in milliseconds: 937
1 < 200
1 < Content-Type: application/json; charset=utf-8
1 < Date: Tue, 29 Oct 2024 07:09:39 GMT
1 < Server: Microsoft-IIS/10.0
1 < X-Powered-By: ASP.NET
1 < Content-Length: 2029
1 < Connection: keep-alive
{
  "ProjectId": "d2659447-79dd-4004-bdd8-aebda2f103db",
  "Name": "asdefgh",
  "Description": "",
  "CustomTags": "",
  "ApplicationName": 1,
  "OpeningType": 1,
  "OpeningDirection": 1,
  "CalculateWeightWithGlass": false,
  "WindLoad": 120,
  "IsWindowOpeningCalculationByAngle": 1,
  "VentOuterWidth": 1000,
  "VentOuterHeight": 1500,
  "WeightIncGlassOrThickness": false,
  "VentWeight": 65,
  "GlassThickness": 14,
  "ProfileWeightPerSerialMeter": 2.5,
  "FacadeInclination": 0,
  "ChainLengthConnectingRodHandle": 5,
  "ChainLenghtConnectingRodHandle": 0,
  "RequiredOpeningStroke": 747,
  "OpeningWidth": 1000,
  "OpeningAngle": 28.83669047331989,
  "SpecificExhaustDimension": 45,
  "BuildingDepth": 90,
  "SnowLoad": 0,
  "DistanceHinge": 0,
  "RatedCurrent": 0,
  "DrivePosition": 1,
  "LockingMechanism": 1,
  "Voltage": 1,
  "DriveType": 1,
  "TypeOfInstallation": 2,
  "GeometricArea": 0,
  "CalculationTypeForVentilation": 2,
  "HeightOfProfile": 30,
  "Reveal": 0,
  "RevealDepth": 200,
  "HeightProfileRectangleAngle1": 35,
  "HeightProfileRectangleAngle2": 2,
  "RevealDepthRectangleAngle1": 150,
  "RevealDepthRectangleAngle2": 1000,
  "RevealDepthRectangleAngle12": 0,
  "InstallationPosition": 0,
  "RecommendedDriveArticleNo": 0,
  "System": "",
  "AkippOrAtilt": 1.8675,
  "AdrehOrAturn": 1.5,
  "Ageo": 0.5438978083248298,
  "MinPullingForceMax": -89.74113674675097,
  "MinPushingForceMax": -232.98788788660553,
  "MinPullingForcePermanent": -161.6158620731247,
  "MinPushingForcePermanent": -161.6158620731247,
  "ForceWithNegativeWind": 90.2587491087276,
  "ForceWithNoWindMin": 0.2588061809883106,
  "ForceWithNegativeWindMin": -90.24383625964387,
  "ForceWithWindMin": -89.74113674675097,
  "Id": "8b11d2e1-fe65-46bb-82a6-4442277b52f2",
  "CreatedOn": "0001-01-01T00:00:00",
  "CreatedBy": "579816e4-6653-4794-b435-a885f32e28d7",
  "ModifiedOn": "2024-10-29T07:09:39.6118238+00:00",
  "ModifiedBy": "579816e4-6653-4794-b435-a885f32e28d7"
}

12:39:40.875 [main] ERROR com.intuit.karate - classpath:drivetecTestCases/features/driveteclogin.feature:75
And match response.OpeningAngle == 29
match failed: EQUALS
  $ | not equal (NUMBER:NUMBER)
  28.83669047331989
  29

classpath:drivetecTestCases/features/driveteclogin.feature:75
12:39:40.889 [main] INFO  com.intuit.karate - karate.env system property was: null 
12:39:40.893 [main] DEBUG com.intuit.karate - request:
1 > PUT https://dev-drivetec-apis.schuecodigitalsolutions.com/Configurations
1 > Content-Type: application/json; charset=UTF-8
1 > Content-Length: 1269
1 > Host: dev-drivetec-apis.schuecodigitalsolutions.com
1 > Connection: Keep-Alive
1 > User-Agent: Apache-HttpClient/4.5.14 (Java/17.0.12)
1 > Accept-Encoding: gzip,deflate
{"Id":"8b11d2e1-fe65-46bb-82a6-4442277b52f2","Name":"asdefgh","Description":"","ProjectId":"d2659447-79dd-4004-bdd8-aebda2f103db","CustomTags":"","CreatedBy":"579816e4-6653-4794-b435-a885f32e28d7","ModifiedBy":"579816e4-6653-4794-b435-a885f32e28d7","System":"","FacadeInclination":0,"OpeningType":3,"OpeningDirection":1,"OpeningWidth":1000,"VentOuterWidth":1000,"VentOuterHeight":1480,"VentWeight":0,"CalculateWeightWithGlass":false,"RequiredOpeningStroke":800,"WindLoad":501,"SnowLoad":0,"IsWindowOpeningCalculationByAngle":1,"GlassThickness":14,"ProfileWeightPerSerialMeter":2.5,"DrivePosition":1,"InstallationPosition":0,"LockingMechanism":1,"Voltage":1,"DriveType":1,"TypeOfInstallation":2,"GeometricArea":0,"CalcVentilation":2,"SpecificExhaustDimension":45,"BuildingDepth":90,"CalculationTypeForVentilation":2,"HeightOfProfile":30,"HeightProfileRectangleAngle1":150,"HeightProfileRectangleAngle2":2,"RevealDepth":200,"RevealDepthRectangleAngle1":150,"RevealDepthRectangleAngle2":1000,"ChainLengthConnectingRodHandle":5,"ApplicationName":1,"OpeningAngle":15,"WeightIncGlassOrThickness":false,"AkippOrAtilt":0,"AdrehOrAturn":0,"Ageo":0,"MinPullingForceMax":0,"MinPushingForceMax":0,"MinPullingForcePermanent":0,"MinPushingForcePermanent":0,"ForceWithNegativeWind":0}

12:39:41.575 [main] DEBUG com.intuit.karate - response time in milliseconds: 680
1 < 200
1 < Content-Type: application/json; charset=utf-8
1 < Date: Tue, 29 Oct 2024 07:09:39 GMT
1 < Server: Microsoft-IIS/10.0
1 < X-Powered-By: ASP.NET
1 < transfer-encoding: chunked
1 < Connection: keep-alive
{
  "ProjectId": "d2659447-79dd-4004-bdd8-aebda2f103db",
  "Name": "asdefgh",
  "Description": "",
  "CustomTags": "",
  "ApplicationName": 1,
  "OpeningType": 3,
  "OpeningDirection": 1,
  "CalculateWeightWithGlass": false,
  "WindLoad": 501,
  "IsWindowOpeningCalculationByAngle": 1,
  "VentOuterWidth": 1000,
  "VentOuterHeight": 1480,
  "WeightIncGlassOrThickness": false,
  "VentWeight": 64,
  "GlassThickness": 14,
  "ProfileWeightPerSerialMeter": 2.5,
  "FacadeInclination": 0,
  "ChainLengthConnectingRodHandle": 5,
  "ChainLenghtConnectingRodHandle": 0,
  "RequiredOpeningStroke": 800,
  "OpeningWidth": 1000,
  "OpeningAngle": 47.15635695640367,
  "SpecificExhaustDimension": 45,
  "BuildingDepth": 90,
  "SnowLoad": 0,
  "DistanceHinge": 0,
  "RatedCurrent": 0,
  "DrivePosition": 1,
  "LockingMechanism": 1,
  "Voltage": 1,
  "DriveType": 1,
  "TypeOfInstallation": 2,
  "GeometricArea": 0,
  "CalculationTypeForVentilation": 2,
  "HeightOfProfile": 30,
  "Reveal": 0,
  "RevealDepth": 200,
  "HeightProfileRectangleAngle1": 150,
  "HeightProfileRectangleAngle2": 2,
  "RevealDepthRectangleAngle1": 150,
  "RevealDepthRectangleAngle2": 1000,
  "RevealDepthRectangleAngle12": 0,
  "InstallationPosition": 0,
  "RecommendedDriveArticleNo": 0,
  "System": "",
  "AkippOrAtilt": 1.984,
  "AdrehOrAturn": 1.48,
  "Ageo": 0.7942191702443816,
  "MinPullingForceMax": -187.36688625482324,
  "MinPushingForceMax": -370.74003096317693,
  "MinPullingForcePermanent": 0,
  "MinPushingForcePermanent": 0,
  "ForceWithNegativeWind": 370.74003096317693,
  "ForceWithNoWindMin": 0,
  "ForceWithNegativeWindMin": 187.36688625482324,
  "ForceWithWindMin": -187.36688625482324,
  "Id": "8b11d2e1-fe65-46bb-82a6-4442277b52f2",
  "CreatedOn": "0001-01-01T00:00:00",
  "CreatedBy": "579816e4-6653-4794-b435-a885f32e28d7",
  "ModifiedOn": "2024-10-29T07:09:40.380365+00:00",
  "ModifiedBy": "579816e4-6653-4794-b435-a885f32e28d7"
}

12:39:41.582 [main] ERROR com.intuit.karate - classpath:drivetecTestCases/features/driveteclogin.feature:74
And match response.VentWeight == 77
match failed: EQUALS
  $ | not equal (NUMBER:NUMBER)
  64
  77

classpath:drivetecTestCases/features/driveteclogin.feature:74
12:39:41.593 [main] INFO  com.intuit.karate - karate.env system property was: null 
12:39:41.598 [main] DEBUG com.intuit.karate - request:
1 > PUT https://dev-drivetec-apis.schuecodigitalsolutions.com/Configurations
1 > Content-Type: application/json; charset=UTF-8
1 > Content-Length: 1268
1 > Host: dev-drivetec-apis.schuecodigitalsolutions.com
1 > Connection: Keep-Alive
1 > User-Agent: Apache-HttpClient/4.5.14 (Java/17.0.12)
1 > Accept-Encoding: gzip,deflate
{"Id":"8b11d2e1-fe65-46bb-82a6-4442277b52f2","Name":"asdefgh","Description":"","ProjectId":"d2659447-79dd-4004-bdd8-aebda2f103db","CustomTags":"","CreatedBy":"579816e4-6653-4794-b435-a885f32e28d7","ModifiedBy":"579816e4-6653-4794-b435-a885f32e28d7","System":"","FacadeInclination":0,"OpeningType":3,"OpeningDirection":1,"OpeningWidth":1000,"VentOuterWidth":1230,"VentOuterHeight":1420,"VentWeight":0,"CalculateWeightWithGlass":false,"RequiredOpeningStroke":800,"WindLoad":500,"SnowLoad":0,"IsWindowOpeningCalculationByAngle":1,"GlassThickness":14,"ProfileWeightPerSerialMeter":2.5,"DrivePosition":1,"InstallationPosition":0,"LockingMechanism":1,"Voltage":1,"DriveType":1,"TypeOfInstallation":2,"GeometricArea":0,"CalcVentilation":1,"SpecificExhaustDimension":45,"BuildingDepth":90,"CalculationTypeForVentilation":1,"HeightOfProfile":30,"HeightProfileRectangleAngle1":35,"HeightProfileRectangleAngle2":2,"RevealDepth":200,"RevealDepthRectangleAngle1":150,"RevealDepthRectangleAngle2":1000,"ChainLengthConnectingRodHandle":5,"ApplicationName":1,"OpeningAngle":15,"WeightIncGlassOrThickness":false,"AkippOrAtilt":0,"AdrehOrAturn":0,"Ageo":0,"MinPullingForceMax":0,"MinPushingForceMax":0,"MinPullingForcePermanent":0,"MinPushingForcePermanent":0,"ForceWithNegativeWind":0}

12:39:42.265 [main] DEBUG com.intuit.karate - response time in milliseconds: 666
1 < 200
1 < Content-Type: application/json; charset=utf-8
1 < Date: Tue, 29 Oct 2024 07:09:41 GMT
1 < Server: Microsoft-IIS/10.0
1 < X-Powered-By: ASP.NET
1 < Content-Length: 1969
1 < Connection: keep-alive
{
  "ProjectId": "d2659447-79dd-4004-bdd8-aebda2f103db",
  "Name": "asdefgh",
  "Description": "",
  "CustomTags": "",
  "ApplicationName": 1,
  "OpeningType": 3,
  "OpeningDirection": 1,
  "CalculateWeightWithGlass": false,
  "WindLoad": 500,
  "IsWindowOpeningCalculationByAngle": 1,
  "VentOuterWidth": 1230,
  "VentOuterHeight": 1420,
  "WeightIncGlassOrThickness": false,
  "VentWeight": 74,
  "GlassThickness": 14,
  "ProfileWeightPerSerialMeter": 2.5,
  "FacadeInclination": 0,
  "ChainLengthConnectingRodHandle": 5,
  "ChainLenghtConnectingRodHandle": 0,
  "RequiredOpeningStroke": 800,
  "OpeningWidth": 1000,
  "OpeningAngle": 37.955778805488166,
  "SpecificExhaustDimension": 45,
  "BuildingDepth": 90,
  "SnowLoad": 0,
  "DistanceHinge": 0,
  "RatedCurrent": 0,
  "DrivePosition": 1,
  "LockingMechanism": 1,
  "Voltage": 1,
  "DriveType": 1,
  "TypeOfInstallation": 2,
  "GeometricArea": 0,
  "CalculationTypeForVentilation": 1,
  "HeightOfProfile": 30,
  "Reveal": 0,
  "RevealDepth": 200,
  "HeightProfileRectangleAngle1": 35,
  "HeightProfileRectangleAngle2": 2,
  "RevealDepthRectangleAngle1": 150,
  "RevealDepthRectangleAngle2": 1000,
  "RevealDepthRectangleAngle12": 0,
  "InstallationPosition": 0,
  "RecommendedDriveArticleNo": 0,
  "System": "",
  "AkippOrAtilt": 2.12,
  "AdrehOrAturn": 1.7466,
  "Ageo": 1.7466,
  "MinPullingForceMax": -287.4302397499305,
  "MinPushingForceMax": -436.65003595573467,
  "MinPullingForcePermanent": 0,
  "MinPushingForcePermanent": 0,
  "ForceWithNegativeWind": 436.65003595573467,
  "ForceWithNoWindMin": 0,
  "ForceWithNegativeWindMin": 287.4302397499305,
  "ForceWithWindMin": -287.4302397499305,
  "Id": "8b11d2e1-fe65-46bb-82a6-4442277b52f2",
  "CreatedOn": "0001-01-01T00:00:00",
  "CreatedBy": "579816e4-6653-4794-b435-a885f32e28d7",
  "ModifiedOn": "2024-10-29T07:09:41.0753177+00:00",
  "ModifiedBy": "579816e4-6653-4794-b435-a885f32e28d7"
}

12:39:42.269 [main] ERROR com.intuit.karate - classpath:drivetecTestCases/features/driveteclogin.feature:74
And match response.VentWeight == 77
match failed: EQUALS
  $ | not equal (NUMBER:NUMBER)
  74
  77

classpath:drivetecTestCases/features/driveteclogin.feature:74
12:39:42.283 [main] INFO  com.intuit.karate - karate.env system property was: null 
12:39:42.289 [main] ERROR com.intuit.karate - classpath:drivetecTestCases/features/driveteclogin.feature:13
And request
"""
{
"Id": "8b11d2e1-fe65-46bb-82a6-4442277b52f2",
"Name": "asdefgh",
"Description": "",
"ProjectId": "d2659447-79dd-4004-bdd8-aebda2f103db",
"CustomTags": "",
"CreatedBy": "579816e4-6653-4794-b435-a885f32e28d7",
"ModifiedBy": "579816e4-6653-4794-b435-a885f32e28d7",
"System": "",
"FacadeInclination": 0,
"OpeningType": ,
"OpeningDirection": ,
"OpeningWidth": ,
"VentOuterWidth": ,
"VentOuterHeight": ,
"VentWeight": ,
"CalculateWeightWithGlass": #(!CalculateWeightWithGlass),
"RequiredOpeningStroke": ,
"WindLoad": ,
"SnowLoad": ,
"IsWindowOpeningCalculationByAngle": ,
"GlassThickness": ,
"ProfileWeightPerSerialMeter": ,
"DrivePosition": ,
"InstallationPosition": ,
"LockingMechanism": ,
"Voltage": ,
"DriveType": ,
"TypeOfInstallation": ,
"GeometricArea": ,
"CalcVentilation": ,
"SpecificExhaustDimension": ,
"BuildingDepth": ,
"CalculationTypeForVentilation": ,
"HeightOfProfile": ,
"HeightProfileRectangleAngle1": ,
"HeightProfileRectangleAngle2": ,
"RevealDepth": ,
"RevealDepthRectangleAngle1": ,
"RevealDepthRectangleAngle2": ,
"ChainLengthConnectingRodHandle": ,
"ApplicationName": ,
"OpeningAngle": ,
"WeightIncGlassOrThickness": #(!WeightIncGlassOrThickness),
"AkippOrAtilt": ,
"AdrehOrAturn": ,
"Ageo": ,
"MinPullingForceMax": ,
"MinPushingForceMax": ,
"MinPullingForcePermanent": ,
"MinPushingForcePermanent": ,
"ForceWithNegativeWind": 
    }
"""
net.minidev.json.parser.ParseException: Unexpected character (}) at position 1353.
classpath:drivetecTestCases/features/driveteclogin.feature:13
---------------------------------------------------------
feature: classpath:drivetecTestCases/features/driveteclogin.feature
scenarios:  4 | passed:  0 | failed:  4 | time: 2.4866
---------------------------------------------------------

12:39:42.907 [main] INFO  com.intuit.karate.Suite - <<fail>> feature 1 of 2 (1 remaining) classpath:drivetecTestCases/features/driveteclogin.feature
Karate version: 1.5.0
======================================================
elapsed:   5.30 | threads:    1 | thread time: 2.49 
features:     1 | skipped:    1 | efficiency: 0.47
scenarios:    4 | passed:     0 | failed: 4
======================================================
>>> failed features:
match failed: EQUALS
  $ | not equal (NUMBER:NUMBER)
  28.83669047331989
  29

classpath:drivetecTestCases/features/driveteclogin.feature:75
match failed: EQUALS
  $ | not equal (NUMBER:NUMBER)
  64
  77

classpath:drivetecTestCases/features/driveteclogin.feature:74
match failed: EQUALS
  $ | not equal (NUMBER:NUMBER)
  74
  77

classpath:drivetecTestCases/features/driveteclogin.feature:74
net.minidev.json.parser.ParseException: Unexpected character (}) at position 1353.
classpath:drivetecTestCases/features/driveteclogin.feature:13
<<<

HTML report: (paste into browser to view) | Karate version: 1.5.0
file:///C:/Users/jagan/DrivetecAPIAutomation/drivetec/target/karate-reports/karate-summary.html
===================================================================

12:39:43.199 [main] INFO  n.m.cucumber.ReportParser - File 'C:\Users\jagan\DrivetecAPIAutomation\drivetec\target\karate-reports\drivetecTestCases.features.driveteclogin.json' contains 1 feature(s)
]]></system-out>
  </testcase>
</testsuite>