<?xml version="1.0" encoding="UTF-8"?>
<testsuite xmlns:xsi="http://www.w3.org/2001/XMLSchema-instance" xsi:noNamespaceSchemaLocation="https://maven.apache.org/surefire/maven-surefire-plugin/xsd/surefire-test-report.xsd" name="drivetecTestCases.TestRunner" time="66.514" tests="1" errors="0" skipped="0" failures="1">
  <properties>
[...]
</properties>
  <testcase name="testParallel" classname="drivetecTestCases.TestRunner" time="66.485">
    <failure message="match failed: EQUALS&#10;  $ | not equal (NUMBER:NUMBER)&#10;  4.58&#10;  5&#10;&#10;classpath:drivetecTestCases/features/driveteclogin.feature:184&#10;match failed: EQUALS&#10;  $ | not equal (NUMBER:NUMBER)&#10;  7.75&#10;  8&#10;&#10;classpath:drivetecTestCases/features/driveteclogin.feature:184 ==&gt; expected: &lt;true&gt; but was: &lt;false&gt;" type="org.opentest4j.AssertionFailedError"><![CDATA[org.opentest4j.AssertionFailedError: 
match failed: EQUALS
  $ | not equal (NUMBER:NUMBER)
  4.58
  5

classpath:drivetecTestCases/features/driveteclogin.feature:184
match failed: EQUALS
  $ | not equal (NUMBER:NUMBER)
  7.75
  8

classpath:drivetecTestCases/features/driveteclogin.feature:184 ==> expected: <true> but was: <false>
	at drivetecTestCases.TestRunner.testParallel(TestRunner.java:32)
]]></failure>
    <system-out><![CDATA[12:16:45.917 [main] INFO  com.intuit.karate.Runner - using system property 'karate.options': --tags @drivetec,@pdfdownload
12:16:46.682 [main] DEBUG com.intuit.karate.Suite - [config] classpath:karate-config.js
12:16:46.687 [main] INFO  com.intuit.karate.Suite - backed up existing 'target\karate-reports' dir to: target\karate-reports_1731998806682
12:16:46.692 [main] DEBUG com.intuit.karate.Suite - waiting for 2 features to complete
12:16:47.763 [main] INFO  com.intuit.karate - karate.env system property was: null 
12:16:48.058 [main] INFO  com.intuit.karate - Running test for dataset:  Dataset1 
12:16:48.244 [main] DEBUG com.intuit.karate - request:
1 > PUT https://dev-drivetec-apis.schuecodigitalsolutions.com/Configurations
1 > Content-Type: application/json; charset=UTF-8
1 > Content-Length: 1268
1 > Host: dev-drivetec-apis.schuecodigitalsolutions.com
1 > Connection: Keep-Alive
1 > User-Agent: Apache-HttpClient/4.5.14 (Java/17.0.12)
1 > Accept-Encoding: gzip,deflate
{"Id":"8b11d2e1-fe65-46bb-82a6-4442277b52f2","Name":"asdefgh","Description":"","ProjectId":"d2659447-79dd-4004-bdd8-aebda2f103db","CustomTags":"","CreatedBy":"579816e4-6653-4794-b435-a885f32e28d7","ModifiedBy":"579816e4-6653-4794-b435-a885f32e28d7","System":"","FacadeInclination":0,"OpeningType":1,"OpeningDirection":1,"OpeningWidth":1000,"VentOuterWidth":1000,"VentOuterHeight":1500,"VentWeight":0,"CalculateWeightWithGlass":false,"RequiredOpeningStroke":747,"WindLoad":120,"SnowLoad":0,"IsWindowOpeningCalculationByAngle":1,"GlassThickness":14,"ProfileWeightPerSerialMeter":2.5,"DrivePosition":1,"InstallationPosition":0,"LockingMechanism":1,"Voltage":1,"DriveType":1,"TypeOfInstallation":2,"GeometricArea":0,"CalcVentilation":2,"SpecificExhaustDimension":45,"BuildingDepth":90,"CalculationTypeForVentilation":2,"HeightOfProfile":30,"HeightProfileRectangleAngle1":35,"HeightProfileRectangleAngle2":2,"RevealDepth":200,"RevealDepthRectangleAngle1":150,"RevealDepthRectangleAngle2":1000,"ChainLengthConnectingRodHandle":5,"ApplicationName":1,"OpeningAngle":15,"WeightIncGlassOrThickness":false,"AkippOrAtilt":0,"AdrehOrAturn":0,"Ageo":0,"MinPullingForceMax":0,"MinPushingForceMax":0,"MinPullingForcePermanent":0,"MinPushingForcePermanent":0,"ForceWithNegativeWind":0}

12:16:49.243 [main] DEBUG com.intuit.karate - response time in milliseconds: 994
1 < 200
1 < Content-Type: application/json; charset=utf-8
1 < Date: Tue, 19 Nov 2024 06:46:49 GMT
1 < Server: Microsoft-IIS/10.0
1 < X-Powered-By: ASP.NET
1 < Content-Length: 2055
1 < Connection: keep-alive
{
  "ProjectId": "d2659447-79dd-4004-bdd8-aebda2f103db",
  "Name": "asdefgh",
  "Description": "",
  "CustomTags": "",
  "ApplicationName": 1,
  "OpeningType": 1,
  "OpeningDirection": 1,
  "CalculateWeightWithGlass": false,
  "WindLoad": 120,
  "IsWindowOpeningCalculationByAngle": 1,
  "VentOuterWidth": 1000,
  "VentOuterHeight": 1500,
  "WeightIncGlassOrThickness": false,
  "VentWeight": 65,
  "VentWeightExact": 65,
  "GlassThickness": 14,
  "ProfileWeightPerSerialMeter": 2.5,
  "FacadeInclination": 0,
  "ChainLengthConnectingRodHandle": 5,
  "ChainLenghtConnectingRodHandle": 0,
  "RequiredOpeningStroke": 747,
  "OpeningWidth": 1000,
  "OpeningAngle": 28.83669047331989,
  "SpecificExhaustDimension": 45,
  "BuildingDepth": 90,
  "SnowLoad": 0,
  "DistanceHinge": 0,
  "RatedCurrent": 0,
  "DrivePosition": 1,
  "LockingMechanism": 1,
  "Voltage": 1,
  "DriveType": 1,
  "TypeOfInstallation": 2,
  "GeometricArea": 0,
  "CalculationTypeForVentilation": 2,
  "HeightOfProfile": 30,
  "Reveal": 0,
  "RevealDepth": 200,
  "HeightProfileRectangleAngle1": 35,
  "HeightProfileRectangleAngle2": 2,
  "RevealDepthRectangleAngle1": 150,
  "RevealDepthRectangleAngle2": 1000,
  "RevealDepthRectangleAngle12": 0,
  "InstallationPosition": 0,
  "RecommendedDriveArticleNo": 0,
  "System": "",
  "AkippOrAtilt": 1.8675,
  "AdrehOrAturn": 1.5,
  "Ageo": 0.5438978083248298,
  "MinPullingForceMax": -89.74113674675097,
  "MinPushingForceMax": -232.98788788660553,
  "MinPullingForcePermanent": -161.6158620731247,
  "MinPushingForcePermanent": -161.6158620731247,
  "ForceWithNegativeWind": 90.2587491087276,
  "ForceWithNoWindMin": 0.2588061809883106,
  "ForceWithNegativeWindMin": -90.24383625964387,
  "ForceWithWindMin": -89.74113674675097,
  "Id": "8b11d2e1-fe65-46bb-82a6-4442277b52f2",
  "CreatedOn": "0001-01-01T00:00:00",
  "CreatedBy": "579816e4-6653-4794-b435-a885f32e28d7",
  "ModifiedOn": "2024-11-19T06:46:49.1090752+00:00",
  "ModifiedBy": "579816e4-6653-4794-b435-a885f32e28d7"
}

12:16:49.268 [main] INFO  com.intuit.karate - Rounded Opening Angle: 29 
12:16:49.269 [main] INFO  com.intuit.karate - Rounded Ageo: 0.54 
12:16:49.270 [main] INFO  com.intuit.karate - Rounded Required Opening Stroke: 747 
12:16:49.271 [main] INFO  com.intuit.karate - Rounded Vent Weight: 65 
12:16:49.303 [main] INFO  com.intuit.karate - karate.env system property was: null 
12:16:49.305 [main] INFO  com.intuit.karate - Running test for dataset:  Dataset2 
12:16:49.311 [main] DEBUG com.intuit.karate - request:
1 > PUT https://dev-drivetec-apis.schuecodigitalsolutions.com/Configurations
1 > Content-Type: application/json; charset=UTF-8
1 > Content-Length: 1259
1 > Host: dev-drivetec-apis.schuecodigitalsolutions.com
1 > Connection: Keep-Alive
1 > User-Agent: Apache-HttpClient/4.5.14 (Java/17.0.12)
1 > Accept-Encoding: gzip,deflate
{"Id":"8b11d2e1-fe65-46bb-82a6-4442277b52f2","Name":"asdefgh","Description":"","ProjectId":"d2659447-79dd-4004-bdd8-aebda2f103db","CustomTags":"","CreatedBy":"579816e4-6653-4794-b435-a885f32e28d7","ModifiedBy":"579816e4-6653-4794-b435-a885f32e28d7","System":"","FacadeInclination":0,"OpeningType":3,"OpeningDirection":1,"OpeningWidth":1000,"VentOuterWidth":1230,"VentOuterHeight":1480,"VentWeight":0,"CalculateWeightWithGlass":false,"RequiredOpeningStroke":800,"WindLoad":501,"SnowLoad":0,"IsWindowOpeningCalculationByAngle":1,"GlassThickness":14,"ProfileWeightPerSerialMeter":2.5,"DrivePosition":1,"InstallationPosition":0,"LockingMechanism":1,"Voltage":1,"DriveType":1,"TypeOfInstallation":2,"GeometricArea":0,"CalcVentilation":2,"SpecificExhaustDimension":30,"BuildingDepth":75,"CalculationTypeForVentilation":2,"HeightOfProfile":0,"HeightProfileRectangleAngle1":0,"HeightProfileRectangleAngle2":0,"RevealDepth":0,"RevealDepthRectangleAngle1":0,"RevealDepthRectangleAngle2":0,"ChainLengthConnectingRodHandle":5,"ApplicationName":1,"OpeningAngle":96,"WeightIncGlassOrThickness":false,"AkippOrAtilt":0,"AdrehOrAturn":0,"Ageo":0,"MinPullingForceMax":0,"MinPushingForceMax":0,"MinPullingForcePermanent":0,"MinPushingForcePermanent":0,"ForceWithNegativeWind":0}

12:16:49.987 [main] DEBUG com.intuit.karate - response time in milliseconds: 674
1 < 200
1 < Content-Type: application/json; charset=utf-8
1 < Date: Tue, 19 Nov 2024 06:46:49 GMT
1 < Server: Microsoft-IIS/10.0
1 < X-Powered-By: ASP.NET
1 < transfer-encoding: chunked
1 < Connection: keep-alive
{
  "ProjectId": "d2659447-79dd-4004-bdd8-aebda2f103db",
  "Name": "asdefgh",
  "Description": "",
  "CustomTags": "",
  "ApplicationName": 1,
  "OpeningType": 3,
  "OpeningDirection": 1,
  "CalculateWeightWithGlass": false,
  "WindLoad": 501,
  "IsWindowOpeningCalculationByAngle": 1,
  "VentOuterWidth": 1230,
  "VentOuterHeight": 1480,
  "WeightIncGlassOrThickness": false,
  "VentWeight": 77,
  "VentWeightExact": 77.26400000000001,
  "GlassThickness": 14,
  "ProfileWeightPerSerialMeter": 2.5,
  "FacadeInclination": 0,
  "ChainLengthConnectingRodHandle": 5,
  "ChainLenghtConnectingRodHandle": 0,
  "RequiredOpeningStroke": 800,
  "OpeningWidth": 1000,
  "OpeningAngle": 37.955778805488166,
  "SpecificExhaustDimension": 30,
  "BuildingDepth": 75,
  "SnowLoad": 0,
  "DistanceHinge": 0,
  "RatedCurrent": 0,
  "DrivePosition": 1,
  "LockingMechanism": 1,
  "Voltage": 1,
  "DriveType": 1,
  "TypeOfInstallation": 2,
  "GeometricArea": 0,
  "CalculationTypeForVentilation": 2,
  "HeightOfProfile": 0,
  "Reveal": 0,
  "RevealDepth": 0,
  "HeightProfileRectangleAngle1": 0,
  "HeightProfileRectangleAngle2": 0,
  "RevealDepthRectangleAngle1": 0,
  "RevealDepthRectangleAngle2": 0,
  "RevealDepthRectangleAngle12": 0,
  "InstallationPosition": 0,
  "RecommendedDriveArticleNo": 0,
  "System": "",
  "AkippOrAtilt": 2.168,
  "AdrehOrAturn": 1.8204,
  "Ageo": 1.1096726804263364,
  "MinPullingForceMax": -300.17432981658936,
  "MinPushingForceMax": -456.0102375499411,
  "MinPullingForcePermanent": 0,
  "MinPushingForcePermanent": 0,
  "ForceWithNegativeWind": 456.0102375499411,
  "ForceWithNoWindMin": 0,
  "ForceWithNegativeWindMin": 300.17432981658936,
  "ForceWithWindMin": -300.17432981658936,
  "Id": "8b11d2e1-fe65-46bb-82a6-4442277b52f2",
  "CreatedOn": "0001-01-01T00:00:00",
  "CreatedBy": "579816e4-6653-4794-b435-a885f32e28d7",
  "ModifiedOn": "2024-11-19T06:46:49.8956657+00:00",
  "ModifiedBy": "579816e4-6653-4794-b435-a885f32e28d7"
}

12:16:49.993 [main] INFO  com.intuit.karate - Rounded Opening Angle: 38 
12:16:49.996 [main] INFO  com.intuit.karate - Rounded Ageo: 1.11 
12:16:49.997 [main] INFO  com.intuit.karate - Rounded Required Opening Stroke: 800 
12:16:49.999 [main] INFO  com.intuit.karate - Rounded Vent Weight: 77 
12:16:50.018 [main] INFO  com.intuit.karate - karate.env system property was: null 
12:16:50.023 [main] INFO  com.intuit.karate - Running test for dataset:  Dataset3 
12:16:50.030 [main] DEBUG com.intuit.karate - request:
1 > PUT https://dev-drivetec-apis.schuecodigitalsolutions.com/Configurations
1 > Content-Type: application/json; charset=UTF-8
1 > Content-Length: 1268
1 > Host: dev-drivetec-apis.schuecodigitalsolutions.com
1 > Connection: Keep-Alive
1 > User-Agent: Apache-HttpClient/4.5.14 (Java/17.0.12)
1 > Accept-Encoding: gzip,deflate
{"Id":"8b11d2e1-fe65-46bb-82a6-4442277b52f2","Name":"asdefgh","Description":"","ProjectId":"d2659447-79dd-4004-bdd8-aebda2f103db","CustomTags":"","CreatedBy":"579816e4-6653-4794-b435-a885f32e28d7","ModifiedBy":"579816e4-6653-4794-b435-a885f32e28d7","System":"","FacadeInclination":0,"OpeningType":3,"OpeningDirection":1,"OpeningWidth":1000,"VentOuterWidth":1230,"VentOuterHeight":1480,"VentWeight":0,"CalculateWeightWithGlass":false,"RequiredOpeningStroke":800,"WindLoad":500,"SnowLoad":0,"IsWindowOpeningCalculationByAngle":1,"GlassThickness":14,"ProfileWeightPerSerialMeter":2.5,"DrivePosition":1,"InstallationPosition":0,"LockingMechanism":1,"Voltage":1,"DriveType":1,"TypeOfInstallation":2,"GeometricArea":0,"CalcVentilation":1,"SpecificExhaustDimension":45,"BuildingDepth":90,"CalculationTypeForVentilation":1,"HeightOfProfile":30,"HeightProfileRectangleAngle1":35,"HeightProfileRectangleAngle2":2,"RevealDepth":200,"RevealDepthRectangleAngle1":150,"RevealDepthRectangleAngle2":1000,"ChainLengthConnectingRodHandle":5,"ApplicationName":1,"OpeningAngle":15,"WeightIncGlassOrThickness":false,"AkippOrAtilt":0,"AdrehOrAturn":0,"Ageo":0,"MinPullingForceMax":0,"MinPushingForceMax":0,"MinPullingForcePermanent":0,"MinPushingForcePermanent":0,"ForceWithNegativeWind":0}

12:16:50.771 [main] DEBUG com.intuit.karate - response time in milliseconds: 740
1 < 200
1 < Content-Type: application/json; charset=utf-8
1 < Date: Tue, 19 Nov 2024 06:46:50 GMT
1 < Server: Microsoft-IIS/10.0
1 < X-Powered-By: ASP.NET
1 < Content-Length: 2006
1 < Connection: keep-alive
{
  "ProjectId": "d2659447-79dd-4004-bdd8-aebda2f103db",
  "Name": "asdefgh",
  "Description": "",
  "CustomTags": "",
  "ApplicationName": 1,
  "OpeningType": 3,
  "OpeningDirection": 1,
  "CalculateWeightWithGlass": false,
  "WindLoad": 500,
  "IsWindowOpeningCalculationByAngle": 1,
  "VentOuterWidth": 1230,
  "VentOuterHeight": 1480,
  "WeightIncGlassOrThickness": false,
  "VentWeight": 77,
  "VentWeightExact": 77.26400000000001,
  "GlassThickness": 14,
  "ProfileWeightPerSerialMeter": 2.5,
  "FacadeInclination": 0,
  "ChainLengthConnectingRodHandle": 5,
  "ChainLenghtConnectingRodHandle": 0,
  "RequiredOpeningStroke": 800,
  "OpeningWidth": 1000,
  "OpeningAngle": 37.955778805488166,
  "SpecificExhaustDimension": 45,
  "BuildingDepth": 90,
  "SnowLoad": 0,
  "DistanceHinge": 0,
  "RatedCurrent": 0,
  "DrivePosition": 1,
  "LockingMechanism": 1,
  "Voltage": 1,
  "DriveType": 1,
  "TypeOfInstallation": 2,
  "GeometricArea": 0,
  "CalculationTypeForVentilation": 1,
  "HeightOfProfile": 30,
  "Reveal": 0,
  "RevealDepth": 200,
  "HeightProfileRectangleAngle1": 35,
  "HeightProfileRectangleAngle2": 2,
  "RevealDepthRectangleAngle1": 150,
  "RevealDepthRectangleAngle2": 1000,
  "RevealDepthRectangleAngle12": 0,
  "InstallationPosition": 0,
  "RecommendedDriveArticleNo": 0,
  "System": "",
  "AkippOrAtilt": 2.168,
  "AdrehOrAturn": 1.8204,
  "Ageo": 1.8204,
  "MinPullingForceMax": -299.575179457674,
  "MinPushingForceMax": -455.1000374749911,
  "MinPullingForcePermanent": 0,
  "MinPushingForcePermanent": 0,
  "ForceWithNegativeWind": 455.1000374749911,
  "ForceWithNoWindMin": 0,
  "ForceWithNegativeWindMin": 299.575179457674,
  "ForceWithWindMin": -299.575179457674,
  "Id": "8b11d2e1-fe65-46bb-82a6-4442277b52f2",
  "CreatedOn": "0001-01-01T00:00:00",
  "CreatedBy": "579816e4-6653-4794-b435-a885f32e28d7",
  "ModifiedOn": "2024-11-19T06:46:50.6468629+00:00",
  "ModifiedBy": "579816e4-6653-4794-b435-a885f32e28d7"
}

12:16:50.778 [main] INFO  com.intuit.karate - Rounded Opening Angle: 38 
12:16:50.781 [main] INFO  com.intuit.karate - Rounded Ageo: 1.82 
12:16:50.782 [main] INFO  com.intuit.karate - Rounded Required Opening Stroke: 800 
12:16:50.783 [main] INFO  com.intuit.karate - Rounded Vent Weight: 77 
12:16:50.796 [main] INFO  com.intuit.karate - karate.env system property was: null 
12:16:50.800 [main] INFO  com.intuit.karate - Running test for dataset:  Dataset4 
12:16:50.805 [main] DEBUG com.intuit.karate - request:
1 > PUT https://dev-drivetec-apis.schuecodigitalsolutions.com/Configurations
1 > Content-Type: application/json; charset=UTF-8
1 > Content-Length: 1259
1 > Host: dev-drivetec-apis.schuecodigitalsolutions.com
1 > Connection: Keep-Alive
1 > User-Agent: Apache-HttpClient/4.5.14 (Java/17.0.12)
1 > Accept-Encoding: gzip,deflate
{"Id":"8b11d2e1-fe65-46bb-82a6-4442277b52f2","Name":"asdefgh","Description":"","ProjectId":"d2659447-79dd-4004-bdd8-aebda2f103db","CustomTags":"","CreatedBy":"579816e4-6653-4794-b435-a885f32e28d7","ModifiedBy":"579816e4-6653-4794-b435-a885f32e28d7","System":"","FacadeInclination":0,"OpeningType":4,"OpeningDirection":1,"OpeningWidth":1000,"VentOuterWidth":1342,"VentOuterHeight":1480,"VentWeight":0,"CalculateWeightWithGlass":false,"RequiredOpeningStroke":400,"WindLoad":120,"SnowLoad":0,"IsWindowOpeningCalculationByAngle":1,"GlassThickness":14,"ProfileWeightPerSerialMeter":2.5,"DrivePosition":2,"InstallationPosition":0,"LockingMechanism":1,"Voltage":1,"DriveType":3,"TypeOfInstallation":2,"GeometricArea":0,"CalcVentilation":1,"SpecificExhaustDimension":45,"BuildingDepth":90,"CalculationTypeForVentilation":1,"HeightOfProfile":0,"HeightProfileRectangleAngle1":0,"HeightProfileRectangleAngle2":0,"RevealDepth":0,"RevealDepthRectangleAngle1":0,"RevealDepthRectangleAngle2":0,"ChainLengthConnectingRodHandle":5,"ApplicationName":2,"OpeningAngle":29,"WeightIncGlassOrThickness":false,"AkippOrAtilt":0,"AdrehOrAturn":0,"Ageo":0,"MinPullingForceMax":0,"MinPushingForceMax":0,"MinPullingForcePermanent":0,"MinPushingForcePermanent":0,"ForceWithNegativeWind":0}

12:16:51.584 [main] DEBUG com.intuit.karate - response time in milliseconds: 778
1 < 200
1 < Content-Type: application/json; charset=utf-8
1 < Date: Tue, 19 Nov 2024 06:46:50 GMT
1 < Server: Microsoft-IIS/10.0
1 < X-Powered-By: ASP.NET
1 < Content-Length: 2053
1 < Connection: keep-alive
{
  "ProjectId": "d2659447-79dd-4004-bdd8-aebda2f103db",
  "Name": "asdefgh",
  "Description": "",
  "CustomTags": "",
  "ApplicationName": 2,
  "OpeningType": 4,
  "OpeningDirection": 1,
  "CalculateWeightWithGlass": false,
  "WindLoad": 120,
  "IsWindowOpeningCalculationByAngle": 1,
  "VentOuterWidth": 1342,
  "VentOuterHeight": 1480,
  "WeightIncGlassOrThickness": false,
  "VentWeight": 84,
  "VentWeightExact": 83.62559999999999,
  "GlassThickness": 14,
  "ProfileWeightPerSerialMeter": 2.5,
  "FacadeInclination": 0,
  "ChainLengthConnectingRodHandle": 5,
  "ChainLenghtConnectingRodHandle": 0,
  "RequiredOpeningStroke": 400,
  "OpeningWidth": 1000,
  "OpeningAngle": 15.532868337024489,
  "SpecificExhaustDimension": 45,
  "BuildingDepth": 90,
  "SnowLoad": 0,
  "DistanceHinge": 0,
  "RatedCurrent": 0,
  "DrivePosition": 2,
  "LockingMechanism": 1,
  "Voltage": 1,
  "DriveType": 3,
  "TypeOfInstallation": 2,
  "GeometricArea": 0,
  "CalculationTypeForVentilation": 1,
  "HeightOfProfile": 0,
  "Reveal": 0,
  "RevealDepth": 0,
  "HeightProfileRectangleAngle1": 0,
  "HeightProfileRectangleAngle2": 0,
  "RevealDepthRectangleAngle1": 0,
  "RevealDepthRectangleAngle2": 0,
  "RevealDepthRectangleAngle12": 0,
  "InstallationPosition": 0,
  "RecommendedDriveArticleNo": 0,
  "System": "",
  "AkippOrAtilt": 1.1288,
  "AdrehOrAturn": 1.98616,
  "Ageo": 1.1288,
  "MinPullingForceMax": 415.2112673629173,
  "MinPushingForceMax": 418.12799999999993,
  "MinPullingForcePermanent": 418.12799999999993,
  "MinPushingForcePermanent": 418.12799999999993,
  "ForceWithNegativeWind": 418.12799999999993,
  "ForceWithNoWindMin": 406.58625068019194,
  "ForceWithNegativeWindMin": 402.27374233882927,
  "ForceWithWindMin": 415.2112673629173,
  "Id": "8b11d2e1-fe65-46bb-82a6-4442277b52f2",
  "CreatedOn": "0001-01-01T00:00:00",
  "CreatedBy": "579816e4-6653-4794-b435-a885f32e28d7",
  "ModifiedOn": "2024-11-19T06:46:51.4775564+00:00",
  "ModifiedBy": "579816e4-6653-4794-b435-a885f32e28d7"
}

12:16:51.590 [main] INFO  com.intuit.karate - Rounded Opening Angle: 16 
12:16:51.594 [main] INFO  com.intuit.karate - Rounded Ageo: 1.13 
12:16:51.595 [main] INFO  com.intuit.karate - Rounded Required Opening Stroke: 400 
12:16:51.597 [main] INFO  com.intuit.karate - Rounded Vent Weight: 84 
12:16:51.622 [main] INFO  com.intuit.karate - karate.env system property was: null 
12:16:51.628 [main] INFO  com.intuit.karate - Running test for dataset:  Dataset5 
12:16:51.632 [main] DEBUG com.intuit.karate - request:
1 > PUT https://dev-drivetec-apis.schuecodigitalsolutions.com/Configurations
1 > Content-Type: application/json; charset=UTF-8
1 > Content-Length: 1259
1 > Host: dev-drivetec-apis.schuecodigitalsolutions.com
1 > Connection: Keep-Alive
1 > User-Agent: Apache-HttpClient/4.5.14 (Java/17.0.12)
1 > Accept-Encoding: gzip,deflate
{"Id":"8b11d2e1-fe65-46bb-82a6-4442277b52f2","Name":"asdefgh","Description":"","ProjectId":"d2659447-79dd-4004-bdd8-aebda2f103db","CustomTags":"","CreatedBy":"579816e4-6653-4794-b435-a885f32e28d7","ModifiedBy":"579816e4-6653-4794-b435-a885f32e28d7","System":"","FacadeInclination":0,"OpeningType":4,"OpeningDirection":1,"OpeningWidth":1000,"VentOuterWidth":1341,"VentOuterHeight":1480,"VentWeight":0,"CalculateWeightWithGlass":false,"RequiredOpeningStroke":400,"WindLoad":120,"SnowLoad":0,"IsWindowOpeningCalculationByAngle":1,"GlassThickness":14,"ProfileWeightPerSerialMeter":2.5,"DrivePosition":2,"InstallationPosition":0,"LockingMechanism":1,"Voltage":1,"DriveType":3,"TypeOfInstallation":2,"GeometricArea":0,"CalcVentilation":1,"SpecificExhaustDimension":45,"BuildingDepth":90,"CalculationTypeForVentilation":1,"HeightOfProfile":0,"HeightProfileRectangleAngle1":0,"HeightProfileRectangleAngle2":0,"RevealDepth":0,"RevealDepthRectangleAngle1":0,"RevealDepthRectangleAngle2":0,"ChainLengthConnectingRodHandle":5,"ApplicationName":2,"OpeningAngle":29,"WeightIncGlassOrThickness":false,"AkippOrAtilt":0,"AdrehOrAturn":0,"Ageo":0,"MinPullingForceMax":0,"MinPushingForceMax":0,"MinPullingForcePermanent":0,"MinPushingForcePermanent":0,"ForceWithNegativeWind":0}

12:16:52.368 [main] DEBUG com.intuit.karate - response time in milliseconds: 735
1 < 200
1 < Content-Type: application/json; charset=utf-8
1 < Date: Tue, 19 Nov 2024 06:46:52 GMT
1 < Server: Microsoft-IIS/10.0
1 < X-Powered-By: ASP.NET
1 < Content-Length: 2000
1 < Connection: keep-alive
{
  "ProjectId": "d2659447-79dd-4004-bdd8-aebda2f103db",
  "Name": "asdefgh",
  "Description": "",
  "CustomTags": "",
  "ApplicationName": 2,
  "OpeningType": 4,
  "OpeningDirection": 1,
  "CalculateWeightWithGlass": false,
  "WindLoad": 120,
  "IsWindowOpeningCalculationByAngle": 1,
  "VentOuterWidth": 1341,
  "VentOuterHeight": 1480,
  "WeightIncGlassOrThickness": false,
  "VentWeight": 84,
  "VentWeightExact": 83.5688,
  "GlassThickness": 14,
  "ProfileWeightPerSerialMeter": 2.5,
  "FacadeInclination": 0,
  "ChainLengthConnectingRodHandle": 5,
  "ChainLenghtConnectingRodHandle": 0,
  "RequiredOpeningStroke": 400,
  "OpeningWidth": 1000,
  "OpeningAngle": 15.532868337024489,
  "SpecificExhaustDimension": 45,
  "BuildingDepth": 90,
  "SnowLoad": 0,
  "DistanceHinge": 0,
  "RatedCurrent": 0,
  "DrivePosition": 2,
  "LockingMechanism": 1,
  "Voltage": 1,
  "DriveType": 3,
  "TypeOfInstallation": 2,
  "GeometricArea": 0,
  "CalculationTypeForVentilation": 1,
  "HeightOfProfile": 0,
  "Reveal": 0,
  "RevealDepth": 0,
  "HeightProfileRectangleAngle1": 0,
  "HeightProfileRectangleAngle2": 0,
  "RevealDepthRectangleAngle1": 0,
  "RevealDepthRectangleAngle2": 0,
  "RevealDepthRectangleAngle12": 0,
  "InstallationPosition": 0,
  "RecommendedDriveArticleNo": 0,
  "System": "",
  "AkippOrAtilt": 1.1284,
  "AdrehOrAturn": 1.98468,
  "Ageo": 1.1284,
  "MinPullingForceMax": 414.92867973794705,
  "MinPushingForceMax": 417.844,
  "MinPullingForcePermanent": 417.844,
  "MinPushingForcePermanent": 417.844,
  "ForceWithNegativeWind": 417.844,
  "ForceWithNoWindMin": 406.3100900423176,
  "ForceWithNegativeWindMin": 402.00079519450287,
  "ForceWithWindMin": 414.92867973794705,
  "Id": "8b11d2e1-fe65-46bb-82a6-4442277b52f2",
  "CreatedOn": "0001-01-01T00:00:00",
  "CreatedBy": "579816e4-6653-4794-b435-a885f32e28d7",
  "ModifiedOn": "2024-11-19T06:46:52.2830432+00:00",
  "ModifiedBy": "579816e4-6653-4794-b435-a885f32e28d7"
}

12:16:52.373 [main] INFO  com.intuit.karate - Rounded Opening Angle: 16 
12:16:52.374 [main] INFO  com.intuit.karate - Rounded Ageo: 1.13 
12:16:52.375 [main] INFO  com.intuit.karate - Rounded Required Opening Stroke: 400 
12:16:52.375 [main] INFO  com.intuit.karate - Rounded Vent Weight: 84 
12:16:52.388 [main] INFO  com.intuit.karate - karate.env system property was: null 
12:16:52.391 [main] INFO  com.intuit.karate - Running test for dataset:  Dataset6 
12:16:52.396 [main] DEBUG com.intuit.karate - request:
1 > PUT https://dev-drivetec-apis.schuecodigitalsolutions.com/Configurations
1 > Content-Type: application/json; charset=UTF-8
1 > Content-Length: 1267
1 > Host: dev-drivetec-apis.schuecodigitalsolutions.com
1 > Connection: Keep-Alive
1 > User-Agent: Apache-HttpClient/4.5.14 (Java/17.0.12)
1 > Accept-Encoding: gzip,deflate
{"Id":"8b11d2e1-fe65-46bb-82a6-4442277b52f2","Name":"asdefgh","Description":"","ProjectId":"d2659447-79dd-4004-bdd8-aebda2f103db","CustomTags":"","CreatedBy":"579816e4-6653-4794-b435-a885f32e28d7","ModifiedBy":"579816e4-6653-4794-b435-a885f32e28d7","System":"","FacadeInclination":0,"OpeningType":1,"OpeningDirection":1,"OpeningWidth":1000,"VentOuterWidth":2500,"VentOuterHeight":800,"VentWeight":0,"CalculateWeightWithGlass":false,"RequiredOpeningStroke":747,"WindLoad":120,"SnowLoad":0,"IsWindowOpeningCalculationByAngle":2,"GlassThickness":14,"ProfileWeightPerSerialMeter":2.5,"DrivePosition":1,"InstallationPosition":0,"LockingMechanism":1,"Voltage":1,"DriveType":1,"TypeOfInstallation":2,"GeometricArea":0,"CalcVentilation":1,"SpecificExhaustDimension":45,"BuildingDepth":90,"CalculationTypeForVentilation":1,"HeightOfProfile":30,"HeightProfileRectangleAngle1":35,"HeightProfileRectangleAngle2":2,"RevealDepth":200,"RevealDepthRectangleAngle1":150,"RevealDepthRectangleAngle2":1000,"ChainLengthConnectingRodHandle":5,"ApplicationName":1,"OpeningAngle":10,"WeightIncGlassOrThickness":false,"AkippOrAtilt":0,"AdrehOrAturn":0,"Ageo":0,"MinPullingForceMax":0,"MinPushingForceMax":0,"MinPullingForcePermanent":0,"MinPushingForcePermanent":0,"ForceWithNegativeWind":0}

12:16:53.222 [main] DEBUG com.intuit.karate - response time in milliseconds: 823
1 < 200
1 < Content-Type: application/json; charset=utf-8
1 < Date: Tue, 19 Nov 2024 06:46:52 GMT
1 < Server: Microsoft-IIS/10.0
1 < X-Powered-By: ASP.NET
1 < Content-Length: 2066
1 < Connection: keep-alive
{
  "ProjectId": "d2659447-79dd-4004-bdd8-aebda2f103db",
  "Name": "asdefgh",
  "Description": "",
  "CustomTags": "",
  "ApplicationName": 1,
  "OpeningType": 1,
  "OpeningDirection": 1,
  "CalculateWeightWithGlass": false,
  "WindLoad": 120,
  "IsWindowOpeningCalculationByAngle": 2,
  "VentOuterWidth": 2500,
  "VentOuterHeight": 800,
  "WeightIncGlassOrThickness": false,
  "VentWeight": 87,
  "VentWeightExact": 86.5,
  "GlassThickness": 14,
  "ProfileWeightPerSerialMeter": 2.5,
  "FacadeInclination": 0,
  "ChainLengthConnectingRodHandle": 5,
  "ChainLenghtConnectingRodHandle": 0,
  "RequiredOpeningStroke": 139.44918839625308,
  "OpeningWidth": 1000,
  "OpeningAngle": 10,
  "SpecificExhaustDimension": 45,
  "BuildingDepth": 90,
  "SnowLoad": 0,
  "DistanceHinge": 0,
  "RatedCurrent": 0,
  "DrivePosition": 1,
  "LockingMechanism": 1,
  "Voltage": 1,
  "DriveType": 1,
  "TypeOfInstallation": 2,
  "GeometricArea": 0,
  "CalculationTypeForVentilation": 1,
  "HeightOfProfile": 30,
  "Reveal": 0,
  "RevealDepth": 200,
  "HeightProfileRectangleAngle1": 35,
  "HeightProfileRectangleAngle2": 2,
  "RevealDepthRectangleAngle1": 150,
  "RevealDepthRectangleAngle2": 1000,
  "RevealDepthRectangleAngle12": 0,
  "InstallationPosition": 0,
  "RecommendedDriveArticleNo": 0,
  "System": "",
  "AkippOrAtilt": 0.4601823217076351,
  "AdrehOrAturn": 2,
  "Ageo": 0.4601823217076351,
  "MinPullingForceMax": -119.65551260126024,
  "MinPushingForceMax": -192.18101971296795,
  "MinPullingForcePermanent": -75.3470327340791,
  "MinPushingForcePermanent": -75.3470327340791,
  "ForceWithNegativeWind": 120.3443352060445,
  "ForceWithNoWindMin": 0.3444113023921364,
  "ForceWithNegativeWindMin": 41.48695424480975,
  "ForceWithWindMin": -119.65551260126024,
  "Id": "8b11d2e1-fe65-46bb-82a6-4442277b52f2",
  "CreatedOn": "0001-01-01T00:00:00",
  "CreatedBy": "579816e4-6653-4794-b435-a885f32e28d7",
  "ModifiedOn": "2024-11-19T06:46:53.1068852+00:00",
  "ModifiedBy": "579816e4-6653-4794-b435-a885f32e28d7"
}

12:16:53.225 [main] INFO  com.intuit.karate - Rounded Opening Angle: 10 
12:16:53.226 [main] INFO  com.intuit.karate - Rounded Ageo: 0.46 
12:16:53.227 [main] INFO  com.intuit.karate - Rounded Required Opening Stroke: 139 
12:16:53.227 [main] INFO  com.intuit.karate - Rounded Vent Weight: 87 
12:16:53.241 [main] INFO  com.intuit.karate - karate.env system property was: null 
12:16:53.245 [main] INFO  com.intuit.karate - Running test for dataset:  Dataset7 
12:16:53.263 [main] DEBUG com.intuit.karate - request:
1 > PUT https://dev-drivetec-apis.schuecodigitalsolutions.com/Configurations
1 > Content-Type: application/json; charset=UTF-8
1 > Content-Length: 1258
1 > Host: dev-drivetec-apis.schuecodigitalsolutions.com
1 > Connection: Keep-Alive
1 > User-Agent: Apache-HttpClient/4.5.14 (Java/17.0.12)
1 > Accept-Encoding: gzip,deflate
{"Id":"8b11d2e1-fe65-46bb-82a6-4442277b52f2","Name":"asdefgh","Description":"","ProjectId":"d2659447-79dd-4004-bdd8-aebda2f103db","CustomTags":"","CreatedBy":"579816e4-6653-4794-b435-a885f32e28d7","ModifiedBy":"579816e4-6653-4794-b435-a885f32e28d7","System":"","FacadeInclination":10,"OpeningType":1,"OpeningDirection":1,"OpeningWidth":1000,"VentOuterWidth":1650,"VentOuterHeight":1500,"VentWeight":0,"CalculateWeightWithGlass":false,"RequiredOpeningStroke":1,"WindLoad":120,"SnowLoad":0,"IsWindowOpeningCalculationByAngle":1,"GlassThickness":14,"ProfileWeightPerSerialMeter":2.5,"DrivePosition":1,"InstallationPosition":0,"LockingMechanism":1,"Voltage":1,"DriveType":1,"TypeOfInstallation":2,"GeometricArea":0,"CalcVentilation":1,"SpecificExhaustDimension":30,"BuildingDepth":75,"CalculationTypeForVentilation":1,"HeightOfProfile":0,"HeightProfileRectangleAngle1":0,"HeightProfileRectangleAngle2":0,"RevealDepth":0,"RevealDepthRectangleAngle1":0,"RevealDepthRectangleAngle2":0,"ChainLengthConnectingRodHandle":5,"ApplicationName":1,"OpeningAngle":10,"WeightIncGlassOrThickness":false,"AkippOrAtilt":0,"AdrehOrAturn":0,"Ageo":0,"MinPullingForceMax":0,"MinPushingForceMax":0,"MinPullingForcePermanent":0,"MinPushingForcePermanent":0,"ForceWithNegativeWind":0}

12:16:53.968 [main] DEBUG com.intuit.karate - response time in milliseconds: 702
1 < 200
1 < Content-Type: application/json; charset=utf-8
1 < Date: Tue, 19 Nov 2024 06:46:53 GMT
1 < Server: Microsoft-IIS/10.0
1 < X-Powered-By: ASP.NET
1 < Content-Length: 2042
1 < Connection: keep-alive
{
  "ProjectId": "d2659447-79dd-4004-bdd8-aebda2f103db",
  "Name": "asdefgh",
  "Description": "",
  "CustomTags": "",
  "ApplicationName": 1,
  "OpeningType": 1,
  "OpeningDirection": 1,
  "CalculateWeightWithGlass": false,
  "WindLoad": 120,
  "IsWindowOpeningCalculationByAngle": 1,
  "VentOuterWidth": 1650,
  "VentOuterHeight": 1500,
  "WeightIncGlassOrThickness": false,
  "VentWeight": 102,
  "VentWeightExact": 102.375,
  "GlassThickness": 14,
  "ProfileWeightPerSerialMeter": 2.5,
  "FacadeInclination": 10,
  "ChainLengthConnectingRodHandle": 5,
  "ChainLenghtConnectingRodHandle": 0,
  "RequiredOpeningStroke": 1,
  "OpeningWidth": 1000,
  "OpeningAngle": 0.03819718704941021,
  "SpecificExhaustDimension": 30,
  "BuildingDepth": 75,
  "SnowLoad": 0,
  "DistanceHinge": 0,
  "RatedCurrent": 0,
  "DrivePosition": 1,
  "LockingMechanism": 1,
  "Voltage": 1,
  "DriveType": 1,
  "TypeOfInstallation": 2,
  "GeometricArea": 0,
  "CalculationTypeForVentilation": 1,
  "HeightOfProfile": 0,
  "Reveal": 0,
  "RevealDepth": 0,
  "HeightProfileRectangleAngle1": 0,
  "HeightProfileRectangleAngle2": 0,
  "RevealDepthRectangleAngle1": 0,
  "RevealDepthRectangleAngle2": 0,
  "RevealDepthRectangleAngle12": 0,
  "InstallationPosition": 0,
  "RecommendedDriveArticleNo": 0,
  "System": "",
  "AkippOrAtilt": 0.00315,
  "AdrehOrAturn": 2.475,
  "Ageo": 0.00315,
  "MinPullingForceMax": -54.74319294289617,
  "MinPushingForceMax": -55.113169098532424,
  "MinPullingForcePermanent": 89.2429627501381,
  "MinPushingForcePermanent": 89.2429627501381,
  "ForceWithNegativeWind": 233.22911844317238,
  "ForceWithNoWindMin": 88.90692425992826,
  "ForceWithNegativeWindMin": 232.92701761838896,
  "ForceWithWindMin": -54.74319294289617,
  "Id": "8b11d2e1-fe65-46bb-82a6-4442277b52f2",
  "CreatedOn": "0001-01-01T00:00:00",
  "CreatedBy": "579816e4-6653-4794-b435-a885f32e28d7",
  "ModifiedOn": "2024-11-19T06:46:53.8899742+00:00",
  "ModifiedBy": "579816e4-6653-4794-b435-a885f32e28d7"
}

12:16:53.983 [main] INFO  com.intuit.karate - Rounded Opening Angle: 0 
12:16:53.986 [main] INFO  com.intuit.karate - Rounded Ageo: 0 
12:16:53.989 [main] INFO  com.intuit.karate - Rounded Required Opening Stroke: 1.0 
12:16:53.991 [main] INFO  com.intuit.karate - Rounded Vent Weight: 102 
12:16:54.007 [main] INFO  com.intuit.karate - karate.env system property was: null 
12:16:54.012 [main] INFO  com.intuit.karate - Running test for dataset:  Dataset8 
12:16:54.016 [main] DEBUG com.intuit.karate - request:
1 > PUT https://dev-drivetec-apis.schuecodigitalsolutions.com/Configurations
1 > Content-Type: application/json; charset=UTF-8
1 > Content-Length: 1264
1 > Host: dev-drivetec-apis.schuecodigitalsolutions.com
1 > Connection: Keep-Alive
1 > User-Agent: Apache-HttpClient/4.5.14 (Java/17.0.12)
1 > Accept-Encoding: gzip,deflate
{"Id":"8b11d2e1-fe65-46bb-82a6-4442277b52f2","Name":"asdefgh","Description":"","ProjectId":"d2659447-79dd-4004-bdd8-aebda2f103db","CustomTags":"","CreatedBy":"579816e4-6653-4794-b435-a885f32e28d7","ModifiedBy":"579816e4-6653-4794-b435-a885f32e28d7","System":"","FacadeInclination":1,"OpeningType":2,"OpeningDirection":2,"OpeningWidth":1000,"VentOuterWidth":1230,"VentOuterHeight":1480,"VentWeight":0,"CalculateWeightWithGlass":false,"RequiredOpeningStroke":800,"WindLoad":120,"SnowLoad":0,"IsWindowOpeningCalculationByAngle":1,"GlassThickness":14,"ProfileWeightPerSerialMeter":2.5,"DrivePosition":1,"InstallationPosition":0,"LockingMechanism":1,"Voltage":1,"DriveType":1,"TypeOfInstallation":2,"GeometricArea":0,"CalcVentilation":2,"SpecificExhaustDimension":35,"BuildingDepth":65,"CalculationTypeForVentilation":2,"HeightOfProfile":200,"HeightProfileRectangleAngle1":0,"HeightProfileRectangleAngle2":0,"RevealDepth":1000,"RevealDepthRectangleAngle1":0,"RevealDepthRectangleAngle2":0,"ChainLengthConnectingRodHandle":5,"ApplicationName":1,"OpeningAngle":10,"WeightIncGlassOrThickness":false,"AkippOrAtilt":0,"AdrehOrAturn":0,"Ageo":0,"MinPullingForceMax":0,"MinPushingForceMax":0,"MinPullingForcePermanent":0,"MinPushingForcePermanent":0,"ForceWithNegativeWind":0}

12:16:54.684 [main] DEBUG com.intuit.karate - response time in milliseconds: 667
1 < 200
1 < Content-Type: application/json; charset=utf-8
1 < Date: Tue, 19 Nov 2024 06:46:53 GMT
1 < Server: Microsoft-IIS/10.0
1 < X-Powered-By: ASP.NET
1 < Content-Length: 2065
1 < Connection: keep-alive
{
  "ProjectId": "d2659447-79dd-4004-bdd8-aebda2f103db",
  "Name": "asdefgh",
  "Description": "",
  "CustomTags": "",
  "ApplicationName": 1,
  "OpeningType": 2,
  "OpeningDirection": 2,
  "CalculateWeightWithGlass": false,
  "WindLoad": 120,
  "IsWindowOpeningCalculationByAngle": 1,
  "VentOuterWidth": 1230,
  "VentOuterHeight": 1480,
  "WeightIncGlassOrThickness": false,
  "VentWeight": 77,
  "VentWeightExact": 77.26400000000001,
  "GlassThickness": 14,
  "ProfileWeightPerSerialMeter": 2.5,
  "FacadeInclination": 1,
  "ChainLengthConnectingRodHandle": 5,
  "ChainLenghtConnectingRodHandle": 0,
  "RequiredOpeningStroke": 800,
  "OpeningWidth": 1000,
  "OpeningAngle": 31.36070026967848,
  "SpecificExhaustDimension": 35,
  "BuildingDepth": 65,
  "SnowLoad": 0,
  "DistanceHinge": 0,
  "RatedCurrent": 0,
  "DrivePosition": 1,
  "LockingMechanism": 1,
  "Voltage": 1,
  "DriveType": 1,
  "TypeOfInstallation": 2,
  "GeometricArea": 0,
  "CalculationTypeForVentilation": 2,
  "HeightOfProfile": 200,
  "Reveal": 0,
  "RevealDepth": 1000,
  "HeightProfileRectangleAngle1": 0,
  "HeightProfileRectangleAngle2": 0,
  "RevealDepthRectangleAngle1": 0,
  "RevealDepthRectangleAngle2": 0,
  "RevealDepthRectangleAngle12": 0,
  "InstallationPosition": 0,
  "RecommendedDriveArticleNo": 0,
  "System": "",
  "AkippOrAtilt": 2.168,
  "AdrehOrAturn": 1.8204,
  "Ageo": 1.0198356046171009,
  "MinPullingForceMax": 102.76252657013067,
  "MinPushingForceMax": 287.4727665962924,
  "MinPullingForcePermanent": 203.0887530734928,
  "MinPushingForcePermanent": 203.0887530734928,
  "ForceWithNegativeWind": 118.7047395506932,
  "ForceWithNoWindMin": -6.431203722221201,
  "ForceWithNegativeWindMin": -115.62493401457307,
  "ForceWithWindMin": 102.76252657013067,
  "Id": "8b11d2e1-fe65-46bb-82a6-4442277b52f2",
  "CreatedOn": "0001-01-01T00:00:00",
  "CreatedBy": "579816e4-6653-4794-b435-a885f32e28d7",
  "ModifiedOn": "2024-11-19T06:46:54.599166+00:00",
  "ModifiedBy": "579816e4-6653-4794-b435-a885f32e28d7"
}

12:16:54.693 [main] INFO  com.intuit.karate - Rounded Opening Angle: 31 
12:16:54.695 [main] INFO  com.intuit.karate - Rounded Ageo: 1.02 
12:16:54.698 [main] INFO  com.intuit.karate - Rounded Required Opening Stroke: 800.0 
12:16:54.700 [main] INFO  com.intuit.karate - Rounded Vent Weight: 77 
12:16:54.715 [main] INFO  com.intuit.karate - karate.env system property was: null 
12:16:54.718 [main] INFO  com.intuit.karate - Running test for dataset:  Dataset9 
12:16:54.722 [main] DEBUG com.intuit.karate - request:
1 > PUT https://dev-drivetec-apis.schuecodigitalsolutions.com/Configurations
1 > Content-Type: application/json; charset=UTF-8
1 > Content-Length: 1264
1 > Host: dev-drivetec-apis.schuecodigitalsolutions.com
1 > Connection: Keep-Alive
1 > User-Agent: Apache-HttpClient/4.5.14 (Java/17.0.12)
1 > Accept-Encoding: gzip,deflate
{"Id":"8b11d2e1-fe65-46bb-82a6-4442277b52f2","Name":"asdefgh","Description":"","ProjectId":"d2659447-79dd-4004-bdd8-aebda2f103db","CustomTags":"","CreatedBy":"579816e4-6653-4794-b435-a885f32e28d7","ModifiedBy":"579816e4-6653-4794-b435-a885f32e28d7","System":"","FacadeInclination":2,"OpeningType":2,"OpeningDirection":2,"OpeningWidth":1000,"VentOuterWidth":1230,"VentOuterHeight":1480,"VentWeight":0,"CalculateWeightWithGlass":false,"RequiredOpeningStroke":800,"WindLoad":120,"SnowLoad":0,"IsWindowOpeningCalculationByAngle":1,"GlassThickness":14,"ProfileWeightPerSerialMeter":2.5,"DrivePosition":1,"InstallationPosition":0,"LockingMechanism":1,"Voltage":1,"DriveType":1,"TypeOfInstallation":2,"GeometricArea":0,"CalcVentilation":2,"SpecificExhaustDimension":35,"BuildingDepth":65,"CalculationTypeForVentilation":2,"HeightOfProfile":200,"HeightProfileRectangleAngle1":0,"HeightProfileRectangleAngle2":0,"RevealDepth":1000,"RevealDepthRectangleAngle1":0,"RevealDepthRectangleAngle2":0,"ChainLengthConnectingRodHandle":5,"ApplicationName":1,"OpeningAngle":10,"WeightIncGlassOrThickness":false,"AkippOrAtilt":0,"AdrehOrAturn":0,"Ageo":0,"MinPullingForceMax":0,"MinPushingForceMax":0,"MinPullingForcePermanent":0,"MinPushingForcePermanent":0,"ForceWithNegativeWind":0}

12:16:55.582 [main] DEBUG com.intuit.karate - response time in milliseconds: 857
1 < 200
1 < Content-Type: application/json; charset=utf-8
1 < Date: Tue, 19 Nov 2024 06:46:55 GMT
1 < Server: Microsoft-IIS/10.0
1 < X-Powered-By: ASP.NET
1 < Content-Length: 2068
1 < Connection: keep-alive
{
  "ProjectId": "d2659447-79dd-4004-bdd8-aebda2f103db",
  "Name": "asdefgh",
  "Description": "",
  "CustomTags": "",
  "ApplicationName": 1,
  "OpeningType": 2,
  "OpeningDirection": 2,
  "CalculateWeightWithGlass": false,
  "WindLoad": 120,
  "IsWindowOpeningCalculationByAngle": 1,
  "VentOuterWidth": 1230,
  "VentOuterHeight": 1480,
  "WeightIncGlassOrThickness": false,
  "VentWeight": 77,
  "VentWeightExact": 77.26400000000001,
  "GlassThickness": 14,
  "ProfileWeightPerSerialMeter": 2.5,
  "FacadeInclination": 2,
  "ChainLengthConnectingRodHandle": 5,
  "ChainLenghtConnectingRodHandle": 0,
  "RequiredOpeningStroke": 800,
  "OpeningWidth": 1000,
  "OpeningAngle": 31.36070026967848,
  "SpecificExhaustDimension": 35,
  "BuildingDepth": 65,
  "SnowLoad": 0,
  "DistanceHinge": 0,
  "RatedCurrent": 0,
  "DrivePosition": 1,
  "LockingMechanism": 1,
  "Voltage": 1,
  "DriveType": 1,
  "TypeOfInstallation": 2,
  "GeometricArea": 0,
  "CalculationTypeForVentilation": 2,
  "HeightOfProfile": 200,
  "Reveal": 0,
  "RevealDepth": 1000,
  "HeightProfileRectangleAngle1": 0,
  "HeightProfileRectangleAngle2": 0,
  "RevealDepthRectangleAngle1": 0,
  "RevealDepthRectangleAngle2": 0,
  "RevealDepthRectangleAngle12": 0,
  "InstallationPosition": 0,
  "RecommendedDriveArticleNo": 0,
  "System": "",
  "AkippOrAtilt": 2.168,
  "AdrehOrAturn": 1.8204,
  "Ageo": 1.0198356046171009,
  "MinPullingForceMax": 95.92901045964452,
  "MinPushingForceMax": 283.1158769823155,
  "MinPullingForcePermanent": 197.02130284355349,
  "MinPushingForcePermanent": 197.02130284355349,
  "ForceWithNegativeWind": -122.26518517582623,
  "ForceWithNoWindMin": -13.168087358090862,
  "ForceWithNegativeWindMin": 110.92672870479146,
  "ForceWithWindMin": 95.92901045964452,
  "Id": "8b11d2e1-fe65-46bb-82a6-4442277b52f2",
  "CreatedOn": "0001-01-01T00:00:00",
  "CreatedBy": "579816e4-6653-4794-b435-a885f32e28d7",
  "ModifiedOn": "2024-11-19T06:46:55.4152705+00:00",
  "ModifiedBy": "579816e4-6653-4794-b435-a885f32e28d7"
}

12:16:55.587 [main] INFO  com.intuit.karate - Rounded Opening Angle: 31 
12:16:55.588 [main] INFO  com.intuit.karate - Rounded Ageo: 1.02 
12:16:55.590 [main] INFO  com.intuit.karate - Rounded Required Opening Stroke: 800.0 
12:16:55.590 [main] INFO  com.intuit.karate - Rounded Vent Weight: 77 
12:16:55.602 [main] INFO  com.intuit.karate - karate.env system property was: null 
12:16:55.605 [main] INFO  com.intuit.karate - Running test for dataset:  Dataset10 
12:16:55.608 [main] DEBUG com.intuit.karate - request:
1 > PUT https://dev-drivetec-apis.schuecodigitalsolutions.com/Configurations
1 > Content-Type: application/json; charset=UTF-8
1 > Content-Length: 1265
1 > Host: dev-drivetec-apis.schuecodigitalsolutions.com
1 > Connection: Keep-Alive
1 > User-Agent: Apache-HttpClient/4.5.14 (Java/17.0.12)
1 > Accept-Encoding: gzip,deflate
{"Id":"8b11d2e1-fe65-46bb-82a6-4442277b52f2","Name":"asdefgh","Description":"","ProjectId":"d2659447-79dd-4004-bdd8-aebda2f103db","CustomTags":"","CreatedBy":"579816e4-6653-4794-b435-a885f32e28d7","ModifiedBy":"579816e4-6653-4794-b435-a885f32e28d7","System":"","FacadeInclination":40,"OpeningType":2,"OpeningDirection":2,"OpeningWidth":1000,"VentOuterWidth":1230,"VentOuterHeight":1480,"VentWeight":0,"CalculateWeightWithGlass":false,"RequiredOpeningStroke":800,"WindLoad":120,"SnowLoad":0,"IsWindowOpeningCalculationByAngle":1,"GlassThickness":14,"ProfileWeightPerSerialMeter":2.5,"DrivePosition":1,"InstallationPosition":0,"LockingMechanism":1,"Voltage":1,"DriveType":1,"TypeOfInstallation":2,"GeometricArea":0,"CalcVentilation":2,"SpecificExhaustDimension":35,"BuildingDepth":65,"CalculationTypeForVentilation":2,"HeightOfProfile":200,"HeightProfileRectangleAngle1":0,"HeightProfileRectangleAngle2":0,"RevealDepth":1000,"RevealDepthRectangleAngle1":0,"RevealDepthRectangleAngle2":0,"ChainLengthConnectingRodHandle":5,"ApplicationName":1,"OpeningAngle":10,"WeightIncGlassOrThickness":false,"AkippOrAtilt":0,"AdrehOrAturn":0,"Ageo":0,"MinPullingForceMax":0,"MinPushingForceMax":0,"MinPullingForcePermanent":0,"MinPushingForcePermanent":0,"ForceWithNegativeWind":0}

12:16:56.315 [main] DEBUG com.intuit.karate - response time in milliseconds: 706
1 < 200
1 < Content-Type: application/json; charset=utf-8
1 < Date: Tue, 19 Nov 2024 06:46:55 GMT
1 < Server: Microsoft-IIS/10.0
1 < X-Powered-By: ASP.NET
1 < Content-Length: 2075
1 < Connection: keep-alive
{
  "ProjectId": "d2659447-79dd-4004-bdd8-aebda2f103db",
  "Name": "asdefgh",
  "Description": "",
  "CustomTags": "",
  "ApplicationName": 1,
  "OpeningType": 2,
  "OpeningDirection": 2,
  "CalculateWeightWithGlass": false,
  "WindLoad": 120,
  "IsWindowOpeningCalculationByAngle": 1,
  "VentOuterWidth": 1230,
  "VentOuterHeight": 1480,
  "WeightIncGlassOrThickness": false,
  "VentWeight": 77,
  "VentWeightExact": 77.26400000000001,
  "GlassThickness": 14,
  "ProfileWeightPerSerialMeter": 2.5,
  "FacadeInclination": 40,
  "ChainLengthConnectingRodHandle": 5,
  "ChainLenghtConnectingRodHandle": 0,
  "RequiredOpeningStroke": 800,
  "OpeningWidth": 1000,
  "OpeningAngle": 31.36070026967848,
  "SpecificExhaustDimension": 35,
  "BuildingDepth": 65,
  "SnowLoad": 0,
  "DistanceHinge": 0,
  "RatedCurrent": 0,
  "DrivePosition": 1,
  "LockingMechanism": 1,
  "Voltage": 1,
  "DriveType": 1,
  "TypeOfInstallation": 2,
  "GeometricArea": 0,
  "CalculationTypeForVentilation": 2,
  "HeightOfProfile": 200,
  "Reveal": 0,
  "RevealDepth": 1000,
  "HeightProfileRectangleAngle1": 0,
  "HeightProfileRectangleAngle2": 0,
  "RevealDepthRectangleAngle1": 0,
  "RevealDepthRectangleAngle2": 0,
  "RevealDepthRectangleAngle12": 0,
  "InstallationPosition": 0,
  "RecommendedDriveArticleNo": 0,
  "System": "",
  "AkippOrAtilt": 2.168,
  "AdrehOrAturn": 1.8204,
  "Ageo": 1.0198356046171009,
  "MinPullingForceMax": 51.107507951589845,
  "MinPushingForceMax": -183.76216692764464,
  "MinPullingForcePermanent": -247.98114221267235,
  "MinPushingForcePermanent": -247.98114221267235,
  "ForceWithNegativeWind": -312.20011749770003,
  "ForceWithNoWindMin": -59.81724995636224,
  "ForceWithNegativeWindMin": -170.74200786431433,
  "ForceWithWindMin": 51.107507951589845,
  "Id": "8b11d2e1-fe65-46bb-82a6-4442277b52f2",
  "CreatedOn": "0001-01-01T00:00:00",
  "CreatedBy": "579816e4-6653-4794-b435-a885f32e28d7",
  "ModifiedOn": "2024-11-19T06:46:56.2345613+00:00",
  "ModifiedBy": "579816e4-6653-4794-b435-a885f32e28d7"
}

12:16:56.319 [main] INFO  com.intuit.karate - Rounded Opening Angle: 31 
12:16:56.320 [main] INFO  com.intuit.karate - Rounded Ageo: 1.02 
12:16:56.321 [main] INFO  com.intuit.karate - Rounded Required Opening Stroke: 800.0 
12:16:56.322 [main] INFO  com.intuit.karate - Rounded Vent Weight: 77 
12:16:56.333 [main] INFO  com.intuit.karate - karate.env system property was: null 
12:16:56.337 [main] INFO  com.intuit.karate - Running test for dataset:  Dataset11 
12:16:56.341 [main] DEBUG com.intuit.karate - request:
1 > PUT https://dev-drivetec-apis.schuecodigitalsolutions.com/Configurations
1 > Content-Type: application/json; charset=UTF-8
1 > Content-Length: 1265
1 > Host: dev-drivetec-apis.schuecodigitalsolutions.com
1 > Connection: Keep-Alive
1 > User-Agent: Apache-HttpClient/4.5.14 (Java/17.0.12)
1 > Accept-Encoding: gzip,deflate
{"Id":"8b11d2e1-fe65-46bb-82a6-4442277b52f2","Name":"asdefgh","Description":"","ProjectId":"d2659447-79dd-4004-bdd8-aebda2f103db","CustomTags":"","CreatedBy":"579816e4-6653-4794-b435-a885f32e28d7","ModifiedBy":"579816e4-6653-4794-b435-a885f32e28d7","System":"","FacadeInclination":41,"OpeningType":2,"OpeningDirection":2,"OpeningWidth":1000,"VentOuterWidth":1230,"VentOuterHeight":1480,"VentWeight":0,"CalculateWeightWithGlass":false,"RequiredOpeningStroke":800,"WindLoad":120,"SnowLoad":0,"IsWindowOpeningCalculationByAngle":1,"GlassThickness":14,"ProfileWeightPerSerialMeter":2.5,"DrivePosition":1,"InstallationPosition":0,"LockingMechanism":1,"Voltage":1,"DriveType":1,"TypeOfInstallation":2,"GeometricArea":0,"CalcVentilation":2,"SpecificExhaustDimension":35,"BuildingDepth":65,"CalculationTypeForVentilation":2,"HeightOfProfile":200,"HeightProfileRectangleAngle1":0,"HeightProfileRectangleAngle2":0,"RevealDepth":1000,"RevealDepthRectangleAngle1":0,"RevealDepthRectangleAngle2":0,"ChainLengthConnectingRodHandle":5,"ApplicationName":1,"OpeningAngle":10,"WeightIncGlassOrThickness":false,"AkippOrAtilt":0,"AdrehOrAturn":0,"Ageo":0,"MinPullingForceMax":0,"MinPushingForceMax":0,"MinPullingForcePermanent":0,"MinPushingForcePermanent":0,"ForceWithNegativeWind":0}

12:16:57.090 [main] DEBUG com.intuit.karate - response time in milliseconds: 747
1 < 200
1 < Content-Type: application/json; charset=utf-8
1 < Date: Tue, 19 Nov 2024 06:46:56 GMT
1 < Server: Microsoft-IIS/10.0
1 < X-Powered-By: ASP.NET
1 < Content-Length: 2071
1 < Connection: keep-alive
{
  "ProjectId": "d2659447-79dd-4004-bdd8-aebda2f103db",
  "Name": "asdefgh",
  "Description": "",
  "CustomTags": "",
  "ApplicationName": 1,
  "OpeningType": 2,
  "OpeningDirection": 2,
  "CalculateWeightWithGlass": false,
  "WindLoad": 120,
  "IsWindowOpeningCalculationByAngle": 1,
  "VentOuterWidth": 1230,
  "VentOuterHeight": 1480,
  "WeightIncGlassOrThickness": false,
  "VentWeight": 77,
  "VentWeightExact": 77.26400000000001,
  "GlassThickness": 14,
  "ProfileWeightPerSerialMeter": 2.5,
  "FacadeInclination": 41,
  "ChainLengthConnectingRodHandle": 5,
  "ChainLenghtConnectingRodHandle": 0,
  "RequiredOpeningStroke": 800,
  "OpeningWidth": 1000,
  "OpeningAngle": 31.36070026967848,
  "SpecificExhaustDimension": 35,
  "BuildingDepth": 65,
  "SnowLoad": 0,
  "DistanceHinge": 0,
  "RatedCurrent": 0,
  "DrivePosition": 1,
  "LockingMechanism": 1,
  "Voltage": 1,
  "DriveType": 1,
  "TypeOfInstallation": 2,
  "GeometricArea": 0,
  "CalculationTypeForVentilation": 2,
  "HeightOfProfile": 200,
  "Reveal": 0,
  "RevealDepth": 1000,
  "HeightProfileRectangleAngle1": 0,
  "HeightProfileRectangleAngle2": 0,
  "RevealDepthRectangleAngle1": 0,
  "RevealDepthRectangleAngle2": 0,
  "RevealDepthRectangleAngle12": 0,
  "InstallationPosition": 0,
  "RecommendedDriveArticleNo": 0,
  "System": "",
  "AkippOrAtilt": 2.168,
  "AdrehOrAturn": 1.8204,
  "Ageo": 1.0198356046171009,
  "MinPullingForceMax": 43.57922627926514,
  "MinPushingForceMax": -190.77273792145812,
  "MinPullingForcePermanent": -253.11060800883638,
  "MinPushingForcePermanent": -253.11060800883638,
  "ForceWithNegativeWind": -315.44847809621467,
  "ForceWithNoWindMin": -66.72921442305929,
  "ForceWithNegativeWindMin": -177.0376551253837,
  "ForceWithWindMin": 43.57922627926514,
  "Id": "8b11d2e1-fe65-46bb-82a6-4442277b52f2",
  "CreatedOn": "0001-01-01T00:00:00",
  "CreatedBy": "579816e4-6653-4794-b435-a885f32e28d7",
  "ModifiedOn": "2024-11-19T06:46:56.996163+00:00",
  "ModifiedBy": "579816e4-6653-4794-b435-a885f32e28d7"
}

12:16:57.093 [main] INFO  com.intuit.karate - Rounded Opening Angle: 31 
12:16:57.093 [main] INFO  com.intuit.karate - Rounded Ageo: 1.02 
12:16:57.095 [main] INFO  com.intuit.karate - Rounded Required Opening Stroke: 800.0 
12:16:57.095 [main] INFO  com.intuit.karate - Rounded Vent Weight: 77 
12:16:57.102 [main] INFO  com.intuit.karate - karate.env system property was: null 
12:16:57.104 [main] INFO  com.intuit.karate - Running test for dataset:  Dataset12 
12:16:57.106 [main] DEBUG com.intuit.karate - request:
1 > PUT https://dev-drivetec-apis.schuecodigitalsolutions.com/Configurations
1 > Content-Type: application/json; charset=UTF-8
1 > Content-Length: 1265
1 > Host: dev-drivetec-apis.schuecodigitalsolutions.com
1 > Connection: Keep-Alive
1 > User-Agent: Apache-HttpClient/4.5.14 (Java/17.0.12)
1 > Accept-Encoding: gzip,deflate
{"Id":"8b11d2e1-fe65-46bb-82a6-4442277b52f2","Name":"asdefgh","Description":"","ProjectId":"d2659447-79dd-4004-bdd8-aebda2f103db","CustomTags":"","CreatedBy":"579816e4-6653-4794-b435-a885f32e28d7","ModifiedBy":"579816e4-6653-4794-b435-a885f32e28d7","System":"","FacadeInclination":32,"OpeningType":2,"OpeningDirection":2,"OpeningWidth":1000,"VentOuterWidth":1230,"VentOuterHeight":1480,"VentWeight":0,"CalculateWeightWithGlass":false,"RequiredOpeningStroke":701,"WindLoad":120,"SnowLoad":0,"IsWindowOpeningCalculationByAngle":1,"GlassThickness":14,"ProfileWeightPerSerialMeter":2.5,"DrivePosition":1,"InstallationPosition":0,"LockingMechanism":1,"Voltage":1,"DriveType":1,"TypeOfInstallation":2,"GeometricArea":0,"CalcVentilation":2,"SpecificExhaustDimension":35,"BuildingDepth":65,"CalculationTypeForVentilation":2,"HeightOfProfile":200,"HeightProfileRectangleAngle1":0,"HeightProfileRectangleAngle2":0,"RevealDepth":1000,"RevealDepthRectangleAngle1":0,"RevealDepthRectangleAngle2":0,"ChainLengthConnectingRodHandle":5,"ApplicationName":1,"OpeningAngle":10,"WeightIncGlassOrThickness":false,"AkippOrAtilt":0,"AdrehOrAturn":0,"Ageo":0,"MinPullingForceMax":0,"MinPushingForceMax":0,"MinPullingForcePermanent":0,"MinPushingForcePermanent":0,"ForceWithNegativeWind":0}

12:16:57.870 [main] DEBUG com.intuit.karate - response time in milliseconds: 763
1 < 200
1 < Content-Type: application/json; charset=utf-8
1 < Date: Tue, 19 Nov 2024 06:46:56 GMT
1 < Server: Microsoft-IIS/10.0
1 < X-Powered-By: ASP.NET
1 < Content-Length: 2073
1 < Connection: keep-alive
{
  "ProjectId": "d2659447-79dd-4004-bdd8-aebda2f103db",
  "Name": "asdefgh",
  "Description": "",
  "CustomTags": "",
  "ApplicationName": 1,
  "OpeningType": 2,
  "OpeningDirection": 2,
  "CalculateWeightWithGlass": false,
  "WindLoad": 120,
  "IsWindowOpeningCalculationByAngle": 1,
  "VentOuterWidth": 1230,
  "VentOuterHeight": 1480,
  "WeightIncGlassOrThickness": false,
  "VentWeight": 77,
  "VentWeightExact": 77.26400000000001,
  "GlassThickness": 14,
  "ProfileWeightPerSerialMeter": 2.5,
  "FacadeInclination": 32,
  "ChainLengthConnectingRodHandle": 5,
  "ChainLenghtConnectingRodHandle": 0,
  "RequiredOpeningStroke": 701,
  "OpeningWidth": 1000,
  "OpeningAngle": 27.398369766279032,
  "SpecificExhaustDimension": 35,
  "BuildingDepth": 65,
  "SnowLoad": 0,
  "DistanceHinge": 0,
  "RatedCurrent": 0,
  "DrivePosition": 1,
  "LockingMechanism": 1,
  "Voltage": 1,
  "DriveType": 1,
  "TypeOfInstallation": 2,
  "GeometricArea": 0,
  "CalculationTypeForVentilation": 2,
  "HeightOfProfile": 200,
  "Reveal": 0,
  "RevealDepth": 1000,
  "HeightProfileRectangleAngle1": 0,
  "HeightProfileRectangleAngle2": 0,
  "RevealDepthRectangleAngle1": 0,
  "RevealDepthRectangleAngle2": 0,
  "RevealDepthRectangleAngle12": 0,
  "InstallationPosition": 0,
  "RecommendedDriveArticleNo": 0,
  "System": "",
  "AkippOrAtilt": 1.89971,
  "AdrehOrAturn": 1.8204,
  "Ageo": 0.910940891275205,
  "MinPullingForceMax": 80.24477207911812,
  "MinPushingForceMax": -125.70639861981769,
  "MinPullingForcePermanent": -204.3646387844679,
  "MinPushingForcePermanent": -204.3646387844679,
  "ForceWithNegativeWind": -283.0228789491181,
  "ForceWithNoWindMin": -31.473041911005968,
  "ForceWithNegativeWindMin": -143.19085590113005,
  "ForceWithWindMin": 80.24477207911812,
  "Id": "8b11d2e1-fe65-46bb-82a6-4442277b52f2",
  "CreatedOn": "0001-01-01T00:00:00",
  "CreatedBy": "579816e4-6653-4794-b435-a885f32e28d7",
  "ModifiedOn": "2024-11-19T06:46:57.7693662+00:00",
  "ModifiedBy": "579816e4-6653-4794-b435-a885f32e28d7"
}

12:16:57.873 [main] INFO  com.intuit.karate - Rounded Opening Angle: 27 
12:16:57.874 [main] INFO  com.intuit.karate - Rounded Ageo: 0.91 
12:16:57.874 [main] INFO  com.intuit.karate - Rounded Required Opening Stroke: 701.0 
12:16:57.874 [main] INFO  com.intuit.karate - Rounded Vent Weight: 77 
12:16:57.882 [main] INFO  com.intuit.karate - karate.env system property was: null 
12:16:57.886 [main] INFO  com.intuit.karate - Running test for dataset:  Dataset13 
12:16:57.889 [main] DEBUG com.intuit.karate - request:
1 > PUT https://dev-drivetec-apis.schuecodigitalsolutions.com/Configurations
1 > Content-Type: application/json; charset=UTF-8
1 > Content-Length: 1265
1 > Host: dev-drivetec-apis.schuecodigitalsolutions.com
1 > Connection: Keep-Alive
1 > User-Agent: Apache-HttpClient/4.5.14 (Java/17.0.12)
1 > Accept-Encoding: gzip,deflate
{"Id":"8b11d2e1-fe65-46bb-82a6-4442277b52f2","Name":"asdefgh","Description":"","ProjectId":"d2659447-79dd-4004-bdd8-aebda2f103db","CustomTags":"","CreatedBy":"579816e4-6653-4794-b435-a885f32e28d7","ModifiedBy":"579816e4-6653-4794-b435-a885f32e28d7","System":"","FacadeInclination":33,"OpeningType":2,"OpeningDirection":2,"OpeningWidth":1000,"VentOuterWidth":1230,"VentOuterHeight":1480,"VentWeight":0,"CalculateWeightWithGlass":false,"RequiredOpeningStroke":701,"WindLoad":120,"SnowLoad":0,"IsWindowOpeningCalculationByAngle":1,"GlassThickness":14,"ProfileWeightPerSerialMeter":2.5,"DrivePosition":1,"InstallationPosition":0,"LockingMechanism":1,"Voltage":1,"DriveType":1,"TypeOfInstallation":2,"GeometricArea":0,"CalcVentilation":2,"SpecificExhaustDimension":35,"BuildingDepth":65,"CalculationTypeForVentilation":2,"HeightOfProfile":200,"HeightProfileRectangleAngle1":0,"HeightProfileRectangleAngle2":0,"RevealDepth":1000,"RevealDepthRectangleAngle1":0,"RevealDepthRectangleAngle2":0,"ChainLengthConnectingRodHandle":5,"ApplicationName":1,"OpeningAngle":10,"WeightIncGlassOrThickness":false,"AkippOrAtilt":0,"AdrehOrAturn":0,"Ageo":0,"MinPullingForceMax":0,"MinPushingForceMax":0,"MinPullingForcePermanent":0,"MinPushingForcePermanent":0,"ForceWithNegativeWind":0}

12:16:58.540 [main] DEBUG com.intuit.karate - response time in milliseconds: 651
1 < 200
1 < Content-Type: application/json; charset=utf-8
1 < Date: Tue, 19 Nov 2024 06:46:58 GMT
1 < Server: Microsoft-IIS/10.0
1 < X-Powered-By: ASP.NET
1 < Content-Length: 2073
1 < Connection: keep-alive
{
  "ProjectId": "d2659447-79dd-4004-bdd8-aebda2f103db",
  "Name": "asdefgh",
  "Description": "",
  "CustomTags": "",
  "ApplicationName": 1,
  "OpeningType": 2,
  "OpeningDirection": 2,
  "CalculateWeightWithGlass": false,
  "WindLoad": 120,
  "IsWindowOpeningCalculationByAngle": 1,
  "VentOuterWidth": 1230,
  "VentOuterHeight": 1480,
  "WeightIncGlassOrThickness": false,
  "VentWeight": 77,
  "VentWeightExact": 77.26400000000001,
  "GlassThickness": 14,
  "ProfileWeightPerSerialMeter": 2.5,
  "FacadeInclination": 33,
  "ChainLengthConnectingRodHandle": 5,
  "ChainLenghtConnectingRodHandle": 0,
  "RequiredOpeningStroke": 701,
  "OpeningWidth": 1000,
  "OpeningAngle": 27.398369766279032,
  "SpecificExhaustDimension": 35,
  "BuildingDepth": 65,
  "SnowLoad": 0,
  "DistanceHinge": 0,
  "RatedCurrent": 0,
  "DrivePosition": 1,
  "LockingMechanism": 1,
  "Voltage": 1,
  "DriveType": 1,
  "TypeOfInstallation": 2,
  "GeometricArea": 0,
  "CalculationTypeForVentilation": 2,
  "HeightOfProfile": 200,
  "Reveal": 0,
  "RevealDepth": 1000,
  "HeightProfileRectangleAngle1": 0,
  "HeightProfileRectangleAngle2": 0,
  "RevealDepthRectangleAngle1": 0,
  "RevealDepthRectangleAngle2": 0,
  "RevealDepthRectangleAngle12": 0,
  "InstallationPosition": 0,
  "RecommendedDriveArticleNo": 0,
  "System": "",
  "AkippOrAtilt": 1.89971,
  "AdrehOrAturn": 1.8204,
  "Ageo": 0.910940891275205,
  "MinPullingForceMax": 72.99201508777318,
  "MinPushingForceMax": -133.1189772438988,
  "MinPullingForcePermanent": -210.05221917619158,
  "MinPushingForcePermanent": -210.05221917619158,
  "ForceWithNegativeWind": -286.9854611084844,
  "ForceWithNoWindMin": -38.382603123850195,
  "ForceWithNegativeWindMin": -149.7572213354736,
  "ForceWithWindMin": 72.99201508777318,
  "Id": "8b11d2e1-fe65-46bb-82a6-4442277b52f2",
  "CreatedOn": "0001-01-01T00:00:00",
  "CreatedBy": "579816e4-6653-4794-b435-a885f32e28d7",
  "ModifiedOn": "2024-11-19T06:46:58.4621923+00:00",
  "ModifiedBy": "579816e4-6653-4794-b435-a885f32e28d7"
}

12:16:58.542 [main] INFO  com.intuit.karate - Rounded Opening Angle: 27 
12:16:58.543 [main] INFO  com.intuit.karate - Rounded Ageo: 0.91 
12:16:58.543 [main] INFO  com.intuit.karate - Rounded Required Opening Stroke: 701.0 
12:16:58.543 [main] INFO  com.intuit.karate - Rounded Vent Weight: 77 
12:16:58.549 [main] INFO  com.intuit.karate - karate.env system property was: null 
12:16:58.553 [main] INFO  com.intuit.karate - Running test for dataset:  Dataset14 
12:16:58.558 [main] DEBUG com.intuit.karate - request:
1 > PUT https://dev-drivetec-apis.schuecodigitalsolutions.com/Configurations
1 > Content-Type: application/json; charset=UTF-8
1 > Content-Length: 1265
1 > Host: dev-drivetec-apis.schuecodigitalsolutions.com
1 > Connection: Keep-Alive
1 > User-Agent: Apache-HttpClient/4.5.14 (Java/17.0.12)
1 > Accept-Encoding: gzip,deflate
{"Id":"8b11d2e1-fe65-46bb-82a6-4442277b52f2","Name":"asdefgh","Description":"","ProjectId":"d2659447-79dd-4004-bdd8-aebda2f103db","CustomTags":"","CreatedBy":"579816e4-6653-4794-b435-a885f32e28d7","ModifiedBy":"579816e4-6653-4794-b435-a885f32e28d7","System":"","FacadeInclination":24,"OpeningType":2,"OpeningDirection":2,"OpeningWidth":1000,"VentOuterWidth":1230,"VentOuterHeight":1480,"VentWeight":0,"CalculateWeightWithGlass":false,"RequiredOpeningStroke":501,"WindLoad":120,"SnowLoad":0,"IsWindowOpeningCalculationByAngle":1,"GlassThickness":14,"ProfileWeightPerSerialMeter":2.5,"DrivePosition":1,"InstallationPosition":0,"LockingMechanism":1,"Voltage":1,"DriveType":1,"TypeOfInstallation":2,"GeometricArea":0,"CalcVentilation":2,"SpecificExhaustDimension":35,"BuildingDepth":65,"CalculationTypeForVentilation":2,"HeightOfProfile":200,"HeightProfileRectangleAngle1":0,"HeightProfileRectangleAngle2":0,"RevealDepth":1000,"RevealDepthRectangleAngle1":0,"RevealDepthRectangleAngle2":0,"ChainLengthConnectingRodHandle":5,"ApplicationName":1,"OpeningAngle":10,"WeightIncGlassOrThickness":false,"AkippOrAtilt":0,"AdrehOrAturn":0,"Ageo":0,"MinPullingForceMax":0,"MinPushingForceMax":0,"MinPullingForcePermanent":0,"MinPushingForcePermanent":0,"ForceWithNegativeWind":0}

12:16:59.367 [main] DEBUG com.intuit.karate - response time in milliseconds: 808
1 < 200
1 < Content-Type: application/json; charset=utf-8
1 < Date: Tue, 19 Nov 2024 06:46:58 GMT
1 < Server: Microsoft-IIS/10.0
1 < X-Powered-By: ASP.NET
1 < Content-Length: 2070
1 < Connection: keep-alive
{
  "ProjectId": "d2659447-79dd-4004-bdd8-aebda2f103db",
  "Name": "asdefgh",
  "Description": "",
  "CustomTags": "",
  "ApplicationName": 1,
  "OpeningType": 2,
  "OpeningDirection": 2,
  "CalculateWeightWithGlass": false,
  "WindLoad": 120,
  "IsWindowOpeningCalculationByAngle": 1,
  "VentOuterWidth": 1230,
  "VentOuterHeight": 1480,
  "WeightIncGlassOrThickness": false,
  "VentWeight": 77,
  "VentWeightExact": 77.26400000000001,
  "GlassThickness": 14,
  "ProfileWeightPerSerialMeter": 2.5,
  "FacadeInclination": 24,
  "ChainLengthConnectingRodHandle": 5,
  "ChainLenghtConnectingRodHandle": 0,
  "RequiredOpeningStroke": 501,
  "OpeningWidth": 1000,
  "OpeningAngle": 19.48921629278459,
  "SpecificExhaustDimension": 35,
  "BuildingDepth": 65,
  "SnowLoad": 0,
  "DistanceHinge": 0,
  "RatedCurrent": 0,
  "DrivePosition": 1,
  "LockingMechanism": 1,
  "Voltage": 1,
  "DriveType": 1,
  "TypeOfInstallation": 2,
  "GeometricArea": 0,
  "CalculationTypeForVentilation": 2,
  "HeightOfProfile": 200,
  "Reveal": 0,
  "RevealDepth": 1000,
  "HeightProfileRectangleAngle1": 0,
  "HeightProfileRectangleAngle2": 0,
  "RevealDepthRectangleAngle1": 0,
  "RevealDepthRectangleAngle2": 0,
  "RevealDepthRectangleAngle12": 0,
  "InstallationPosition": 0,
  "RecommendedDriveArticleNo": 0,
  "System": "",
  "AkippOrAtilt": 1.35771,
  "AdrehOrAturn": 1.8204,
  "Ageo": 0.6749039376946829,
  "MinPullingForceMax": -65.53807552137839,
  "MinPushingForceMax": 79.72148309148307,
  "MinPullingForcePermanent": -156.774435629635,
  "MinPushingForcePermanent": -156.774435629635,
  "ForceWithNegativeWind": -248.0107957378916,
  "ForceWithNoWindMin": -30.433414612682817,
  "ForceWithNegativeWindMin": -140.5883123168487,
  "ForceWithWindMin": -65.53807552137839,
  "Id": "8b11d2e1-fe65-46bb-82a6-4442277b52f2",
  "CreatedOn": "0001-01-01T00:00:00",
  "CreatedBy": "579816e4-6653-4794-b435-a885f32e28d7",
  "ModifiedOn": "2024-11-19T06:46:59.2595618+00:00",
  "ModifiedBy": "579816e4-6653-4794-b435-a885f32e28d7"
}

12:16:59.372 [main] INFO  com.intuit.karate - Rounded Opening Angle: 19 
12:16:59.372 [main] INFO  com.intuit.karate - Rounded Ageo: 0.67 
12:16:59.373 [main] INFO  com.intuit.karate - Rounded Required Opening Stroke: 501.0 
12:16:59.374 [main] INFO  com.intuit.karate - Rounded Vent Weight: 77 
12:16:59.382 [main] INFO  com.intuit.karate - karate.env system property was: null 
12:16:59.385 [main] INFO  com.intuit.karate - Running test for dataset:  Dataset15 
12:16:59.389 [main] DEBUG com.intuit.karate - request:
1 > PUT https://dev-drivetec-apis.schuecodigitalsolutions.com/Configurations
1 > Content-Type: application/json; charset=UTF-8
1 > Content-Length: 1265
1 > Host: dev-drivetec-apis.schuecodigitalsolutions.com
1 > Connection: Keep-Alive
1 > User-Agent: Apache-HttpClient/4.5.14 (Java/17.0.12)
1 > Accept-Encoding: gzip,deflate
{"Id":"8b11d2e1-fe65-46bb-82a6-4442277b52f2","Name":"asdefgh","Description":"","ProjectId":"d2659447-79dd-4004-bdd8-aebda2f103db","CustomTags":"","CreatedBy":"579816e4-6653-4794-b435-a885f32e28d7","ModifiedBy":"579816e4-6653-4794-b435-a885f32e28d7","System":"","FacadeInclination":25,"OpeningType":2,"OpeningDirection":2,"OpeningWidth":1000,"VentOuterWidth":1230,"VentOuterHeight":1480,"VentWeight":0,"CalculateWeightWithGlass":false,"RequiredOpeningStroke":501,"WindLoad":120,"SnowLoad":0,"IsWindowOpeningCalculationByAngle":1,"GlassThickness":14,"ProfileWeightPerSerialMeter":2.5,"DrivePosition":1,"InstallationPosition":0,"LockingMechanism":1,"Voltage":1,"DriveType":1,"TypeOfInstallation":2,"GeometricArea":0,"CalcVentilation":2,"SpecificExhaustDimension":35,"BuildingDepth":65,"CalculationTypeForVentilation":2,"HeightOfProfile":200,"HeightProfileRectangleAngle1":0,"HeightProfileRectangleAngle2":0,"RevealDepth":1000,"RevealDepthRectangleAngle1":0,"RevealDepthRectangleAngle2":0,"ChainLengthConnectingRodHandle":5,"ApplicationName":1,"OpeningAngle":10,"WeightIncGlassOrThickness":false,"AkippOrAtilt":0,"AdrehOrAturn":0,"Ageo":0,"MinPullingForceMax":0,"MinPushingForceMax":0,"MinPullingForcePermanent":0,"MinPushingForcePermanent":0,"ForceWithNegativeWind":0}

12:17:00.268 [main] DEBUG com.intuit.karate - response time in milliseconds: 877
1 < 200
1 < Content-Type: application/json; charset=utf-8
1 < Date: Tue, 19 Nov 2024 06:47:00 GMT
1 < Server: Microsoft-IIS/10.0
1 < X-Powered-By: ASP.NET
1 < Content-Length: 2069
1 < Connection: keep-alive
{
  "ProjectId": "d2659447-79dd-4004-bdd8-aebda2f103db",
  "Name": "asdefgh",
  "Description": "",
  "CustomTags": "",
  "ApplicationName": 1,
  "OpeningType": 2,
  "OpeningDirection": 2,
  "CalculateWeightWithGlass": false,
  "WindLoad": 120,
  "IsWindowOpeningCalculationByAngle": 1,
  "VentOuterWidth": 1230,
  "VentOuterHeight": 1480,
  "WeightIncGlassOrThickness": false,
  "VentWeight": 77,
  "VentWeightExact": 77.26400000000001,
  "GlassThickness": 14,
  "ProfileWeightPerSerialMeter": 2.5,
  "FacadeInclination": 25,
  "ChainLengthConnectingRodHandle": 5,
  "ChainLenghtConnectingRodHandle": 0,
  "RequiredOpeningStroke": 501,
  "OpeningWidth": 1000,
  "OpeningAngle": 19.48921629278459,
  "SpecificExhaustDimension": 35,
  "BuildingDepth": 65,
  "SnowLoad": 0,
  "DistanceHinge": 0,
  "RatedCurrent": 0,
  "DrivePosition": 1,
  "LockingMechanism": 1,
  "Voltage": 1,
  "DriveType": 1,
  "TypeOfInstallation": 2,
  "GeometricArea": 0,
  "CalculationTypeForVentilation": 2,
  "HeightOfProfile": 200,
  "Reveal": 0,
  "RevealDepth": 1000,
  "HeightProfileRectangleAngle1": 0,
  "HeightProfileRectangleAngle2": 0,
  "RevealDepthRectangleAngle1": 0,
  "RevealDepthRectangleAngle2": 0,
  "RevealDepthRectangleAngle12": 0,
  "InstallationPosition": 0,
  "RecommendedDriveArticleNo": 0,
  "System": "",
  "AkippOrAtilt": 1.35771,
  "AdrehOrAturn": 1.8204,
  "Ageo": 0.6749039376946829,
  "MinPullingForceMax": 72.5767603948726,
  "MinPushingForceMax": -73.1085591046228,
  "MinPullingForcePermanent": -162.9095403661677,
  "MinPushingForcePermanent": -162.9095403661677,
  "ForceWithNegativeWind": -252.7105216277126,
  "ForceWithNoWindMin": -37.245591169420564,
  "ForceWithNegativeWindMin": -147.06794273371372,
  "ForceWithWindMin": 72.5767603948726,
  "Id": "8b11d2e1-fe65-46bb-82a6-4442277b52f2",
  "CreatedOn": "0001-01-01T00:00:00",
  "CreatedBy": "579816e4-6653-4794-b435-a885f32e28d7",
  "ModifiedOn": "2024-11-19T06:47:00.0299553+00:00",
  "ModifiedBy": "579816e4-6653-4794-b435-a885f32e28d7"
}

12:17:00.274 [main] INFO  com.intuit.karate - Rounded Opening Angle: 19 
12:17:00.275 [main] INFO  com.intuit.karate - Rounded Ageo: 0.67 
12:17:00.276 [main] INFO  com.intuit.karate - Rounded Required Opening Stroke: 501.0 
12:17:00.277 [main] INFO  com.intuit.karate - Rounded Vent Weight: 77 
12:17:00.284 [main] INFO  com.intuit.karate - karate.env system property was: null 
12:17:00.289 [main] INFO  com.intuit.karate - Running test for dataset:  Dataset16 
12:17:00.296 [main] DEBUG com.intuit.karate - request:
1 > PUT https://dev-drivetec-apis.schuecodigitalsolutions.com/Configurations
1 > Content-Type: application/json; charset=UTF-8
1 > Content-Length: 1265
1 > Host: dev-drivetec-apis.schuecodigitalsolutions.com
1 > Connection: Keep-Alive
1 > User-Agent: Apache-HttpClient/4.5.14 (Java/17.0.12)
1 > Accept-Encoding: gzip,deflate
{"Id":"8b11d2e1-fe65-46bb-82a6-4442277b52f2","Name":"asdefgh","Description":"","ProjectId":"d2659447-79dd-4004-bdd8-aebda2f103db","CustomTags":"","CreatedBy":"579816e4-6653-4794-b435-a885f32e28d7","ModifiedBy":"579816e4-6653-4794-b435-a885f32e28d7","System":"","FacadeInclination":13,"OpeningType":2,"OpeningDirection":2,"OpeningWidth":1000,"VentOuterWidth":1230,"VentOuterHeight":1480,"VentWeight":0,"CalculateWeightWithGlass":false,"RequiredOpeningStroke":501,"WindLoad":120,"SnowLoad":0,"IsWindowOpeningCalculationByAngle":1,"GlassThickness":14,"ProfileWeightPerSerialMeter":2.5,"DrivePosition":1,"InstallationPosition":0,"LockingMechanism":1,"Voltage":1,"DriveType":1,"TypeOfInstallation":2,"GeometricArea":0,"CalcVentilation":2,"SpecificExhaustDimension":35,"BuildingDepth":65,"CalculationTypeForVentilation":2,"HeightOfProfile":200,"HeightProfileRectangleAngle1":0,"HeightProfileRectangleAngle2":0,"RevealDepth":1000,"RevealDepthRectangleAngle1":0,"RevealDepthRectangleAngle2":0,"ChainLengthConnectingRodHandle":5,"ApplicationName":1,"OpeningAngle":10,"WeightIncGlassOrThickness":false,"AkippOrAtilt":0,"AdrehOrAturn":0,"Ageo":0,"MinPullingForceMax":0,"MinPushingForceMax":0,"MinPullingForcePermanent":0,"MinPushingForcePermanent":0,"ForceWithNegativeWind":0}

12:17:01.111 [main] DEBUG com.intuit.karate - response time in milliseconds: 814
1 < 200
1 < Content-Type: application/json; charset=utf-8
1 < Date: Tue, 19 Nov 2024 06:47:00 GMT
1 < Server: Microsoft-IIS/10.0
1 < X-Powered-By: ASP.NET
1 < Content-Length: 2072
1 < Connection: keep-alive
{
  "ProjectId": "d2659447-79dd-4004-bdd8-aebda2f103db",
  "Name": "asdefgh",
  "Description": "",
  "CustomTags": "",
  "ApplicationName": 1,
  "OpeningType": 2,
  "OpeningDirection": 2,
  "CalculateWeightWithGlass": false,
  "WindLoad": 120,
  "IsWindowOpeningCalculationByAngle": 1,
  "VentOuterWidth": 1230,
  "VentOuterHeight": 1480,
  "WeightIncGlassOrThickness": false,
  "VentWeight": 77,
  "VentWeightExact": 77.26400000000001,
  "GlassThickness": 14,
  "ProfileWeightPerSerialMeter": 2.5,
  "FacadeInclination": 13,
  "ChainLengthConnectingRodHandle": 5,
  "ChainLenghtConnectingRodHandle": 0,
  "RequiredOpeningStroke": 501,
  "OpeningWidth": 1000,
  "OpeningAngle": 19.48921629278459,
  "SpecificExhaustDimension": 35,
  "BuildingDepth": 65,
  "SnowLoad": 0,
  "DistanceHinge": 0,
  "RatedCurrent": 0,
  "DrivePosition": 1,
  "LockingMechanism": 1,
  "Voltage": 1,
  "DriveType": 1,
  "TypeOfInstallation": 2,
  "GeometricArea": 0,
  "CalculationTypeForVentilation": 2,
  "HeightOfProfile": 200,
  "Reveal": 0,
  "RevealDepth": 1000,
  "HeightProfileRectangleAngle1": 0,
  "HeightProfileRectangleAngle2": 0,
  "RevealDepthRectangleAngle1": 0,
  "RevealDepthRectangleAngle2": 0,
  "RevealDepthRectangleAngle12": 0,
  "InstallationPosition": 0,
  "RecommendedDriveArticleNo": 0,
  "System": "",
  "AkippOrAtilt": 1.35771,
  "AdrehOrAturn": 1.8204,
  "Ageo": 0.6749039376946829,
  "MinPullingForceMax": 17.180489538673655,
  "MinPushingForceMax": 154.03917523147481,
  "MinPullingForcePermanent": -86.56000547305538,
  "MinPushingForcePermanent": -86.56000547305538,
  "ForceWithNegativeWind": -190.30050048478444,
  "ForceWithNoWindMin": 44.65449743451489,
  "ForceWithNegativeWindMin": -64.73018036244505,
  "ForceWithWindMin": 17.180489538673655,
  "Id": "8b11d2e1-fe65-46bb-82a6-4442277b52f2",
  "CreatedOn": "0001-01-01T00:00:00",
  "CreatedBy": "579816e4-6653-4794-b435-a885f32e28d7",
  "ModifiedOn": "2024-11-19T06:47:00.9900355+00:00",
  "ModifiedBy": "579816e4-6653-4794-b435-a885f32e28d7"
}

12:17:01.114 [main] INFO  com.intuit.karate - Rounded Opening Angle: 19 
12:17:01.115 [main] INFO  com.intuit.karate - Rounded Ageo: 0.67 
12:17:01.116 [main] INFO  com.intuit.karate - Rounded Required Opening Stroke: 501.0 
12:17:01.116 [main] INFO  com.intuit.karate - Rounded Vent Weight: 77 
12:17:01.125 [main] INFO  com.intuit.karate - karate.env system property was: null 
12:17:01.131 [main] INFO  com.intuit.karate - Running test for dataset:  Dataset17 
12:17:01.136 [main] DEBUG com.intuit.karate - request:
1 > PUT https://dev-drivetec-apis.schuecodigitalsolutions.com/Configurations
1 > Content-Type: application/json; charset=UTF-8
1 > Content-Length: 1265
1 > Host: dev-drivetec-apis.schuecodigitalsolutions.com
1 > Connection: Keep-Alive
1 > User-Agent: Apache-HttpClient/4.5.14 (Java/17.0.12)
1 > Accept-Encoding: gzip,deflate
{"Id":"8b11d2e1-fe65-46bb-82a6-4442277b52f2","Name":"asdefgh","Description":"","ProjectId":"d2659447-79dd-4004-bdd8-aebda2f103db","CustomTags":"","CreatedBy":"579816e4-6653-4794-b435-a885f32e28d7","ModifiedBy":"579816e4-6653-4794-b435-a885f32e28d7","System":"","FacadeInclination":14,"OpeningType":2,"OpeningDirection":2,"OpeningWidth":1000,"VentOuterWidth":1230,"VentOuterHeight":1480,"VentWeight":0,"CalculateWeightWithGlass":false,"RequiredOpeningStroke":501,"WindLoad":120,"SnowLoad":0,"IsWindowOpeningCalculationByAngle":1,"GlassThickness":14,"ProfileWeightPerSerialMeter":2.5,"DrivePosition":1,"InstallationPosition":0,"LockingMechanism":1,"Voltage":1,"DriveType":1,"TypeOfInstallation":2,"GeometricArea":0,"CalcVentilation":2,"SpecificExhaustDimension":35,"BuildingDepth":65,"CalculationTypeForVentilation":2,"HeightOfProfile":200,"HeightProfileRectangleAngle1":0,"HeightProfileRectangleAngle2":0,"RevealDepth":1000,"RevealDepthRectangleAngle1":0,"RevealDepthRectangleAngle2":0,"ChainLengthConnectingRodHandle":5,"ApplicationName":1,"OpeningAngle":10,"WeightIncGlassOrThickness":false,"AkippOrAtilt":0,"AdrehOrAturn":0,"Ageo":0,"MinPullingForceMax":0,"MinPushingForceMax":0,"MinPullingForcePermanent":0,"MinPushingForcePermanent":0,"ForceWithNegativeWind":0}

12:17:01.921 [main] DEBUG com.intuit.karate - response time in milliseconds: 782
1 < 200
1 < Content-Type: application/json; charset=utf-8
1 < Date: Tue, 19 Nov 2024 06:47:01 GMT
1 < Server: Microsoft-IIS/10.0
1 < X-Powered-By: ASP.NET
1 < Content-Length: 2067
1 < Connection: keep-alive
{
  "ProjectId": "d2659447-79dd-4004-bdd8-aebda2f103db",
  "Name": "asdefgh",
  "Description": "",
  "CustomTags": "",
  "ApplicationName": 1,
  "OpeningType": 2,
  "OpeningDirection": 2,
  "CalculateWeightWithGlass": false,
  "WindLoad": 120,
  "IsWindowOpeningCalculationByAngle": 1,
  "VentOuterWidth": 1230,
  "VentOuterHeight": 1480,
  "WeightIncGlassOrThickness": false,
  "VentWeight": 77,
  "VentWeightExact": 77.26400000000001,
  "GlassThickness": 14,
  "ProfileWeightPerSerialMeter": 2.5,
  "FacadeInclination": 14,
  "ChainLengthConnectingRodHandle": 5,
  "ChainLenghtConnectingRodHandle": 0,
  "RequiredOpeningStroke": 501,
  "OpeningWidth": 1000,
  "OpeningAngle": 19.48921629278459,
  "SpecificExhaustDimension": 35,
  "BuildingDepth": 65,
  "SnowLoad": 0,
  "DistanceHinge": 0,
  "RatedCurrent": 0,
  "DrivePosition": 1,
  "LockingMechanism": 1,
  "Voltage": 1,
  "DriveType": 1,
  "TypeOfInstallation": 2,
  "GeometricArea": 0,
  "CalculationTypeForVentilation": 2,
  "HeightOfProfile": 200,
  "Reveal": 0,
  "RevealDepth": 1000,
  "HeightProfileRectangleAngle1": 0,
  "HeightProfileRectangleAngle2": 0,
  "RevealDepthRectangleAngle1": 0,
  "RevealDepthRectangleAngle2": 0,
  "RevealDepthRectangleAngle12": 0,
  "InstallationPosition": 0,
  "RecommendedDriveArticleNo": 0,
  "System": "",
  "AkippOrAtilt": 1.35771,
  "AdrehOrAturn": 1.8204,
  "Ageo": 0.6749039376946829,
  "MinPullingForceMax": 9.764342657222258,
  "MinPushingForceMax": 147.64412280547947,
  "MinPullingForcePermanent": -93.11429520081451,
  "MinPushingForcePermanent": -93.11429520081451,
  "ForceWithNegativeWind": -195.9929330588513,
  "ForceWithNoWindMin": 37.854770101979,
  "ForceWithNegativeWindMin": -71.93458260152148,
  "ForceWithWindMin": 9.764342657222258,
  "Id": "8b11d2e1-fe65-46bb-82a6-4442277b52f2",
  "CreatedOn": "0001-01-01T00:00:00",
  "CreatedBy": "579816e4-6653-4794-b435-a885f32e28d7",
  "ModifiedOn": "2024-11-19T06:47:01.7713754+00:00",
  "ModifiedBy": "579816e4-6653-4794-b435-a885f32e28d7"
}

12:17:01.926 [main] INFO  com.intuit.karate - Rounded Opening Angle: 19 
12:17:01.928 [main] INFO  com.intuit.karate - Rounded Ageo: 0.67 
12:17:01.929 [main] INFO  com.intuit.karate - Rounded Required Opening Stroke: 501.0 
12:17:01.930 [main] INFO  com.intuit.karate - Rounded Vent Weight: 77 
12:17:01.941 [main] INFO  com.intuit.karate - karate.env system property was: null 
12:17:01.943 [main] INFO  com.intuit.karate - Running test for dataset:  Dataset18 
12:17:01.945 [main] DEBUG com.intuit.karate - request:
1 > PUT https://dev-drivetec-apis.schuecodigitalsolutions.com/Configurations
1 > Content-Type: application/json; charset=UTF-8
1 > Content-Length: 1267
1 > Host: dev-drivetec-apis.schuecodigitalsolutions.com
1 > Connection: Keep-Alive
1 > User-Agent: Apache-HttpClient/4.5.14 (Java/17.0.12)
1 > Accept-Encoding: gzip,deflate
{"Id":"8b11d2e1-fe65-46bb-82a6-4442277b52f2","Name":"asdefgh","Description":"","ProjectId":"d2659447-79dd-4004-bdd8-aebda2f103db","CustomTags":"","CreatedBy":"579816e4-6653-4794-b435-a885f32e28d7","ModifiedBy":"579816e4-6653-4794-b435-a885f32e28d7","System":"","FacadeInclination":10,"OpeningType":2,"OpeningDirection":2,"OpeningWidth":1000,"VentOuterWidth":1230,"VentOuterHeight":1480,"VentWeight":0,"CalculateWeightWithGlass":false,"RequiredOpeningStroke":400,"WindLoad":120,"SnowLoad":0,"IsWindowOpeningCalculationByAngle":1,"GlassThickness":14,"ProfileWeightPerSerialMeter":2.5,"DrivePosition":1,"InstallationPosition":0,"LockingMechanism":1,"Voltage":1,"DriveType":1,"TypeOfInstallation":2,"GeometricArea":0,"CalcVentilation":2,"SpecificExhaustDimension":30,"BuildingDepth":60,"CalculationTypeForVentilation":2,"HeightOfProfile":0,"HeightProfileRectangleAngle1":75,"HeightProfileRectangleAngle2":200,"RevealDepth":0,"RevealDepthRectangleAngle1":50,"RevealDepthRectangleAngle2":1000,"ChainLengthConnectingRodHandle":5,"ApplicationName":1,"OpeningAngle":10,"WeightIncGlassOrThickness":false,"AkippOrAtilt":0,"AdrehOrAturn":0,"Ageo":0,"MinPullingForceMax":0,"MinPushingForceMax":0,"MinPullingForcePermanent":0,"MinPushingForcePermanent":0,"ForceWithNegativeWind":0}

12:17:02.675 [main] DEBUG com.intuit.karate - response time in milliseconds: 729
1 < 200
1 < Content-Type: application/json; charset=utf-8
1 < Date: Tue, 19 Nov 2024 06:47:01 GMT
1 < Server: Microsoft-IIS/10.0
1 < X-Powered-By: ASP.NET
1 < Content-Length: 2071
1 < Connection: keep-alive
{
  "ProjectId": "d2659447-79dd-4004-bdd8-aebda2f103db",
  "Name": "asdefgh",
  "Description": "",
  "CustomTags": "",
  "ApplicationName": 1,
  "OpeningType": 2,
  "OpeningDirection": 2,
  "CalculateWeightWithGlass": false,
  "WindLoad": 120,
  "IsWindowOpeningCalculationByAngle": 1,
  "VentOuterWidth": 1230,
  "VentOuterHeight": 1480,
  "WeightIncGlassOrThickness": false,
  "VentWeight": 77,
  "VentWeightExact": 77.26400000000001,
  "GlassThickness": 14,
  "ProfileWeightPerSerialMeter": 2.5,
  "FacadeInclination": 10,
  "ChainLengthConnectingRodHandle": 5,
  "ChainLenghtConnectingRodHandle": 0,
  "RequiredOpeningStroke": 400,
  "OpeningWidth": 1000,
  "OpeningAngle": 15.532868337024489,
  "SpecificExhaustDimension": 30,
  "BuildingDepth": 60,
  "SnowLoad": 0,
  "DistanceHinge": 0,
  "RatedCurrent": 0,
  "DrivePosition": 1,
  "LockingMechanism": 1,
  "Voltage": 1,
  "DriveType": 1,
  "TypeOfInstallation": 2,
  "GeometricArea": 0,
  "CalculationTypeForVentilation": 2,
  "HeightOfProfile": 0,
  "Reveal": 0,
  "RevealDepth": 0,
  "HeightProfileRectangleAngle1": 75,
  "HeightProfileRectangleAngle2": 200,
  "RevealDepthRectangleAngle1": 50,
  "RevealDepthRectangleAngle2": 1000,
  "RevealDepthRectangleAngle12": 0,
  "InstallationPosition": 0,
  "RecommendedDriveArticleNo": 0,
  "System": "",
  "AkippOrAtilt": 1.084,
  "AdrehOrAturn": 1.8204,
  "Ageo": 0.6165637649944986,
  "MinPullingForceMax": 39.21635469755029,
  "MinPushingForceMax": 147.12750748388888,
[...]
  "RatedCurrent": 0,
  "DrivePosition": 1,
  "LockingMechanism": 1,
  "Voltage": 1,
  "DriveType": 2,
  "TypeOfInstallation": 2,
  "GeometricArea": 0,
  "CalculationTypeForVentilation": 1,
  "HeightOfProfile": 0,
  "Reveal": 0,
  "RevealDepth": 0,
  "HeightProfileRectangleAngle1": 0,
  "HeightProfileRectangleAngle2": 0,
  "RevealDepthRectangleAngle1": 0,
  "RevealDepthRectangleAngle2": 0,
  "RevealDepthRectangleAngle12": 0,
  "InstallationPosition": 0,
  "RecommendedDriveArticleNo": 0,
  "System": "",
  "AkippOrAtilt": 2.223,
  "AdrehOrAturn": 1.68,
  "Ageo": 1.68,
  "MinPullingForceMax": -100.51405478991474,
  "MinPushingForceMax": -289.13783604644186,
  "MinPullingForcePermanent": -219.00212550807004,
  "MinPushingForcePermanent": -219.00212550807004,
  "ForceWithNegativeWind": -148.8664149696982,
  "ForceWithNoWindMin": 0.2858812891532415,
  "ForceWithNegativeWindMin": 101.08581736822121,
  "ForceWithWindMin": -100.51405478991474,
  "Id": "8b11d2e1-fe65-46bb-82a6-4442277b52f2",
  "CreatedOn": "0001-01-01T00:00:00",
  "CreatedBy": "579816e4-6653-4794-b435-a885f32e28d7",
  "ModifiedOn": "2024-11-19T06:47:39.9070115+00:00",
  "ModifiedBy": "579816e4-6653-4794-b435-a885f32e28d7"
}

12:17:40.025 [main] INFO  com.intuit.karate - Rounded Opening Angle: 36.0 
12:17:40.025 [main] INFO  com.intuit.karate - Rounded Ageo: 1.68 
12:17:40.025 [main] INFO  com.intuit.karate - Rounded Required Opening Stroke: 855 
12:17:40.025 [main] INFO  com.intuit.karate - Rounded Vent Weight: 72 
12:17:40.035 [main] INFO  com.intuit.karate - karate.env system property was: null 
12:17:40.035 [main] INFO  com.intuit.karate - Running test for dataset:  Dataset67 
12:17:40.051 [main] DEBUG com.intuit.karate - request:
1 > PUT https://dev-drivetec-apis.schuecodigitalsolutions.com/Configurations
1 > Content-Type: application/json; charset=UTF-8
1 > Content-Length: 1267
1 > Host: dev-drivetec-apis.schuecodigitalsolutions.com
1 > Connection: Keep-Alive
1 > User-Agent: Apache-HttpClient/4.5.14 (Java/17.0.12)
1 > Accept-Encoding: gzip,deflate
{"Id":"8b11d2e1-fe65-46bb-82a6-4442277b52f2","Name":"asdefgh","Description":"","ProjectId":"d2659447-79dd-4004-bdd8-aebda2f103db","CustomTags":"","CreatedBy":"579816e4-6653-4794-b435-a885f32e28d7","ModifiedBy":"579816e4-6653-4794-b435-a885f32e28d7","System":"","FacadeInclination":0,"OpeningType":1,"OpeningDirection":1,"OpeningWidth":1000,"VentOuterWidth":1202,"VentOuterHeight":500,"VentWeight":0,"CalculateWeightWithGlass":false,"RequiredOpeningStroke":800,"WindLoad":120,"SnowLoad":0,"IsWindowOpeningCalculationByAngle":1,"GlassThickness":14,"ProfileWeightPerSerialMeter":2.6,"DrivePosition":1,"InstallationPosition":0,"LockingMechanism":1,"Voltage":1,"DriveType":1,"TypeOfInstallation":2,"GeometricArea":0,"CalcVentilation":1,"SpecificExhaustDimension":45,"BuildingDepth":90,"CalculationTypeForVentilation":1,"HeightOfProfile":30,"HeightProfileRectangleAngle1":35,"HeightProfileRectangleAngle2":2,"RevealDepth":200,"RevealDepthRectangleAngle1":150,"RevealDepthRectangleAngle2":1000,"ChainLengthConnectingRodHandle":5,"ApplicationName":1,"OpeningAngle":10,"WeightIncGlassOrThickness":false,"AkippOrAtilt":0,"AdrehOrAturn":0,"Ageo":0,"MinPullingForceMax":0,"MinPushingForceMax":0,"MinPullingForcePermanent":0,"MinPushingForcePermanent":0,"ForceWithNegativeWind":0}

12:17:40.715 [main] DEBUG com.intuit.karate - response time in milliseconds: 663
1 < 200
1 < Content-Type: application/json; charset=utf-8
1 < Date: Tue, 19 Nov 2024 06:47:40 GMT
1 < Server: Microsoft-IIS/10.0
1 < X-Powered-By: ASP.NET
1 < Content-Length: 2016
1 < Connection: keep-alive
{
  "ProjectId": "d2659447-79dd-4004-bdd8-aebda2f103db",
  "Name": "asdefgh",
  "Description": "",
  "CustomTags": "",
  "ApplicationName": 1,
  "OpeningType": 1,
  "OpeningDirection": 1,
  "CalculateWeightWithGlass": false,
  "WindLoad": 120,
  "IsWindowOpeningCalculationByAngle": 1,
  "VentOuterWidth": 1202,
  "VentOuterHeight": 500,
  "WeightIncGlassOrThickness": false,
  "VentWeight": 30,
  "VentWeightExact": 29.8854,
  "GlassThickness": 14,
  "ProfileWeightPerSerialMeter": 2.6,
  "FacadeInclination": 0,
  "ChainLengthConnectingRodHandle": 5,
  "ChainLenghtConnectingRodHandle": 0,
  "RequiredOpeningStroke": 800,
  "OpeningWidth": 1000,
  "OpeningAngle": 106.26020470831196,
  "SpecificExhaustDimension": 45,
  "BuildingDepth": 90,
  "SnowLoad": 0,
  "DistanceHinge": 0,
  "RatedCurrent": 0,
  "DrivePosition": 1,
  "LockingMechanism": 1,
  "Voltage": 1,
  "DriveType": 1,
  "TypeOfInstallation": 2,
  "GeometricArea": 0,
  "CalculationTypeForVentilation": 1,
  "HeightOfProfile": 30,
  "Reveal": 0,
  "RevealDepth": 200,
  "HeightProfileRectangleAngle1": 35,
  "HeightProfileRectangleAngle2": 2,
  "RevealDepthRectangleAngle1": 150,
  "RevealDepthRectangleAngle2": 1000,
  "RevealDepthRectangleAngle12": 0,
  "InstallationPosition": 0,
  "RecommendedDriveArticleNo": 0,
  "System": "",
  "AkippOrAtilt": 1.3616,
  "AdrehOrAturn": 0.601,
  "Ageo": 0.601,
  "MinPullingForceMax": 0,
  "MinPushingForceMax": -210.9911156762208,
  "MinPullingForcePermanent": -210.9903315395314,
  "MinPushingForcePermanent": -210.9903315395314,
  "ForceWithNegativeWind": -210.98954740284202,
  "ForceWithNoWindMin": 0.11899271140473934,
  "ForceWithNegativeWindMin": 36.17896984445227,
  "ForceWithWindMin": 0,
  "Id": "8b11d2e1-fe65-46bb-82a6-4442277b52f2",
  "CreatedOn": "0001-01-01T00:00:00",
  "CreatedBy": "579816e4-6653-4794-b435-a885f32e28d7",
  "ModifiedOn": "2024-11-19T06:47:40.634299+00:00",
  "ModifiedBy": "579816e4-6653-4794-b435-a885f32e28d7"
}

12:17:40.718 [main] INFO  com.intuit.karate - Rounded Opening Angle: 106.0 
12:17:40.719 [main] INFO  com.intuit.karate - Rounded Ageo: 0.6 
12:17:40.719 [main] INFO  com.intuit.karate - Rounded Required Opening Stroke: 800 
12:17:40.719 [main] INFO  com.intuit.karate - Rounded Vent Weight: 30 
12:17:40.731 [main] INFO  com.intuit.karate - karate.env system property was: null 
12:17:40.734 [main] INFO  com.intuit.karate - Running test for dataset:  Dataset68 
12:17:40.740 [main] DEBUG com.intuit.karate - request:
1 > PUT https://dev-drivetec-apis.schuecodigitalsolutions.com/Configurations
1 > Content-Type: application/json; charset=UTF-8
1 > Content-Length: 1259
1 > Host: dev-drivetec-apis.schuecodigitalsolutions.com
1 > Connection: Keep-Alive
1 > User-Agent: Apache-HttpClient/4.5.14 (Java/17.0.12)
1 > Accept-Encoding: gzip,deflate
{"Id":"8b11d2e1-fe65-46bb-82a6-4442277b52f2","Name":"asdefgh","Description":"","ProjectId":"d2659447-79dd-4004-bdd8-aebda2f103db","CustomTags":"","CreatedBy":"579816e4-6653-4794-b435-a885f32e28d7","ModifiedBy":"579816e4-6653-4794-b435-a885f32e28d7","System":"","FacadeInclination":0,"OpeningType":1,"OpeningDirection":1,"OpeningWidth":1000,"VentOuterWidth":1201,"VentOuterHeight":2500,"VentWeight":0,"CalculateWeightWithGlass":false,"RequiredOpeningStroke":855,"WindLoad":120,"SnowLoad":0,"IsWindowOpeningCalculationByAngle":2,"GlassThickness":14,"ProfileWeightPerSerialMeter":2.7,"DrivePosition":1,"InstallationPosition":0,"LockingMechanism":1,"Voltage":1,"DriveType":1,"TypeOfInstallation":2,"GeometricArea":0,"CalcVentilation":1,"SpecificExhaustDimension":45,"BuildingDepth":90,"CalculationTypeForVentilation":1,"HeightOfProfile":0,"HeightProfileRectangleAngle1":0,"HeightProfileRectangleAngle2":0,"RevealDepth":0,"RevealDepthRectangleAngle1":0,"RevealDepthRectangleAngle2":0,"ChainLengthConnectingRodHandle":5,"ApplicationName":1,"OpeningAngle":55,"WeightIncGlassOrThickness":false,"AkippOrAtilt":0,"AdrehOrAturn":0,"Ageo":0,"MinPullingForceMax":0,"MinPushingForceMax":0,"MinPullingForcePermanent":0,"MinPushingForcePermanent":0,"ForceWithNegativeWind":0}

12:17:41.554 [main] DEBUG com.intuit.karate - response time in milliseconds: 813
1 < 200
1 < Content-Type: application/json; charset=utf-8
1 < Date: Tue, 19 Nov 2024 06:47:40 GMT
1 < Server: Microsoft-IIS/10.0
1 < X-Powered-By: ASP.NET
1 < Content-Length: 2061
1 < Connection: keep-alive
{
  "ProjectId": "d2659447-79dd-4004-bdd8-aebda2f103db",
  "Name": "asdefgh",
  "Description": "",
  "CustomTags": "",
  "ApplicationName": 1,
  "OpeningType": 1,
  "OpeningDirection": 1,
  "CalculateWeightWithGlass": false,
  "WindLoad": 120,
  "IsWindowOpeningCalculationByAngle": 2,
  "VentOuterWidth": 1201,
  "VentOuterHeight": 2500,
  "WeightIncGlassOrThickness": false,
  "VentWeight": 125,
  "VentWeightExact": 125.07289999999999,
  "GlassThickness": 14,
  "ProfileWeightPerSerialMeter": 2.7,
  "FacadeInclination": 0,
  "ChainLengthConnectingRodHandle": 5,
  "ChainLenghtConnectingRodHandle": 0,
  "RequiredOpeningStroke": 2308.7430661751696,
  "OpeningWidth": 1000,
  "OpeningAngle": 55,
  "SpecificExhaustDimension": 45,
  "BuildingDepth": 90,
  "SnowLoad": 0,
  "DistanceHinge": 0,
  "RatedCurrent": 0,
  "DrivePosition": 1,
  "LockingMechanism": 1,
  "Voltage": 1,
  "DriveType": 1,
  "TypeOfInstallation": 2,
  "GeometricArea": 0,
  "CalculationTypeForVentilation": 1,
  "HeightOfProfile": 0,
  "Reveal": 0,
  "RevealDepth": 0,
  "HeightProfileRectangleAngle1": 0,
  "HeightProfileRectangleAngle2": 0,
  "RevealDepthRectangleAngle1": 0,
  "RevealDepthRectangleAngle2": 0,
  "RevealDepthRectangleAngle12": 0,
  "InstallationPosition": 0,
  "RecommendedDriveArticleNo": 0,
  "System": "",
  "AkippOrAtilt": 8.544658087914303,
  "AdrehOrAturn": 3.0025,
  "Ageo": 3.0025,
  "MinPullingForceMax": -179.65189130506374,
  "MinPushingForceMax": -644.213556103148,
  "MinPullingForcePermanent": -577.2644896488,
  "MinPushingForcePermanent": -577.2644896488,
  "ForceWithNegativeWind": -510.315423194452,
  "ForceWithNoWindMin": 0.49799445529435177,
  "ForceWithNegativeWindMin": 180.64788021565246,
  "ForceWithWindMin": -179.65189130506374,
  "Id": "8b11d2e1-fe65-46bb-82a6-4442277b52f2",
  "CreatedOn": "0001-01-01T00:00:00",
  "CreatedBy": "579816e4-6653-4794-b435-a885f32e28d7",
  "ModifiedOn": "2024-11-19T06:47:41.4412224+00:00",
  "ModifiedBy": "579816e4-6653-4794-b435-a885f32e28d7"
}

12:17:41.554 [main] INFO  com.intuit.karate - Rounded Opening Angle: 55.0 
12:17:41.554 [main] INFO  com.intuit.karate - Rounded Ageo: 3.0 
12:17:41.554 [main] INFO  com.intuit.karate - Rounded Required Opening Stroke: 2309 
12:17:41.554 [main] INFO  com.intuit.karate - Rounded Vent Weight: 125 
12:17:41.570 [main] INFO  com.intuit.karate - karate.env system property was: null 
12:17:41.570 [main] INFO  com.intuit.karate - Running test for dataset:  Dataset69 
12:17:41.570 [main] DEBUG com.intuit.karate - request:
1 > PUT https://dev-drivetec-apis.schuecodigitalsolutions.com/Configurations
1 > Content-Type: application/json; charset=UTF-8
1 > Content-Length: 1259
1 > Host: dev-drivetec-apis.schuecodigitalsolutions.com
1 > Connection: Keep-Alive
1 > User-Agent: Apache-HttpClient/4.5.14 (Java/17.0.12)
1 > Accept-Encoding: gzip,deflate
{"Id":"8b11d2e1-fe65-46bb-82a6-4442277b52f2","Name":"asdefgh","Description":"","ProjectId":"d2659447-79dd-4004-bdd8-aebda2f103db","CustomTags":"","CreatedBy":"579816e4-6653-4794-b435-a885f32e28d7","ModifiedBy":"579816e4-6653-4794-b435-a885f32e28d7","System":"","FacadeInclination":0,"OpeningType":1,"OpeningDirection":1,"OpeningWidth":1000,"VentOuterWidth":1202,"VentOuterHeight":2500,"VentWeight":0,"CalculateWeightWithGlass":false,"RequiredOpeningStroke":855,"WindLoad":120,"SnowLoad":0,"IsWindowOpeningCalculationByAngle":2,"GlassThickness":14,"ProfileWeightPerSerialMeter":2.6,"DrivePosition":1,"InstallationPosition":0,"LockingMechanism":1,"Voltage":1,"DriveType":1,"TypeOfInstallation":2,"GeometricArea":0,"CalcVentilation":1,"SpecificExhaustDimension":45,"BuildingDepth":90,"CalculationTypeForVentilation":1,"HeightOfProfile":0,"HeightProfileRectangleAngle1":0,"HeightProfileRectangleAngle2":0,"RevealDepth":0,"RevealDepthRectangleAngle1":0,"RevealDepthRectangleAngle2":0,"ChainLengthConnectingRodHandle":5,"ApplicationName":1,"OpeningAngle":30,"WeightIncGlassOrThickness":false,"AkippOrAtilt":0,"AdrehOrAturn":0,"Ageo":0,"MinPullingForceMax":0,"MinPushingForceMax":0,"MinPullingForcePermanent":0,"MinPushingForcePermanent":0,"ForceWithNegativeWind":0}

12:17:42.334 [main] DEBUG com.intuit.karate - response time in milliseconds: 764
1 < 200
1 < Content-Type: application/json; charset=utf-8
1 < Date: Tue, 19 Nov 2024 06:47:42 GMT
1 < Server: Microsoft-IIS/10.0
1 < X-Powered-By: ASP.NET
1 < Content-Length: 2055
1 < Connection: keep-alive
{
  "ProjectId": "d2659447-79dd-4004-bdd8-aebda2f103db",
  "Name": "asdefgh",
  "Description": "",
  "CustomTags": "",
  "ApplicationName": 1,
  "OpeningType": 1,
  "OpeningDirection": 1,
  "CalculateWeightWithGlass": false,
  "WindLoad": 120,
  "IsWindowOpeningCalculationByAngle": 2,
  "VentOuterWidth": 1202,
  "VentOuterHeight": 2500,
  "WeightIncGlassOrThickness": false,
  "VentWeight": 124,
  "VentWeightExact": 124.4254,
  "GlassThickness": 14,
  "ProfileWeightPerSerialMeter": 2.6,
  "FacadeInclination": 0,
  "ChainLengthConnectingRodHandle": 5,
  "ChainLenghtConnectingRodHandle": 0,
  "RequiredOpeningStroke": 1294.0952255126037,
  "OpeningWidth": 1000,
  "OpeningAngle": 30,
  "SpecificExhaustDimension": 45,
  "BuildingDepth": 90,
  "SnowLoad": 0,
  "DistanceHinge": 0,
  "RatedCurrent": 0,
  "DrivePosition": 1,
  "LockingMechanism": 1,
  "Voltage": 1,
  "DriveType": 1,
  "TypeOfInstallation": 2,
  "GeometricArea": 0,
  "CalculationTypeForVentilation": 1,
  "HeightOfProfile": 0,
  "Reveal": 0,
  "RevealDepth": 0,
  "HeightProfileRectangleAngle1": 0,
  "HeightProfileRectangleAngle2": 0,
  "RevealDepthRectangleAngle1": 0,
  "RevealDepthRectangleAngle2": 0,
  "RevealDepthRectangleAngle12": 0,
  "InstallationPosition": 0,
  "RecommendedDriveArticleNo": 0,
  "System": "",
  "AkippOrAtilt": 4.790740524847659,
  "AdrehOrAturn": 3.005,
  "Ageo": 3.005,
  "MinPullingForceMax": -179.80446931766932,
  "MinPushingForceMax": -461.887977469804,
  "MinPullingForcePermanent": -321.8175794922248,
  "MinPushingForcePermanent": -321.8175794922248,
  "ForceWithNegativeWind": -181.7471815146456,
  "ForceWithNoWindMin": 0.4954163475683529,
  "ForceWithNegativeWindMin": 180.79530201280602,
  "ForceWithWindMin": -179.80446931766932,
  "Id": "8b11d2e1-fe65-46bb-82a6-4442277b52f2",
  "CreatedOn": "0001-01-01T00:00:00",
  "CreatedBy": "579816e4-6653-4794-b435-a885f32e28d7",
  "ModifiedOn": "2024-11-19T06:47:42.2585938+00:00",
  "ModifiedBy": "579816e4-6653-4794-b435-a885f32e28d7"
}

12:17:42.334 [main] INFO  com.intuit.karate - Rounded Opening Angle: 30.0 
12:17:42.341 [main] INFO  com.intuit.karate - Rounded Ageo: 3.01 
12:17:42.341 [main] INFO  com.intuit.karate - Rounded Required Opening Stroke: 1294 
12:17:42.341 [main] INFO  com.intuit.karate - Rounded Vent Weight: 124 
---------------------------------------------------------
feature: classpath:drivetecTestCases/features/driveteclogin.feature
scenarios: 69 | passed: 67 | failed:  2 | time: 53.6877
---------------------------------------------------------

12:17:48.310 [main] INFO  com.intuit.karate.Suite - <<fail>> feature 1 of 2 (1 remaining) classpath:drivetecTestCases/features/driveteclogin.feature
12:17:48.310 [main] INFO  com.intuit.karate - karate.env system property was: null 
12:17:48.323 [main] DEBUG com.intuit.karate - request:
1 > POST https://dev-drivetec-apis.schuecodigitalsolutions.com/api/Drives/DownloadPDFNew/Schuco
1 > Content-Type: application/json; charset=UTF-8
1 > Content-Length: 1194
1 > Host: dev-drivetec-apis.schuecodigitalsolutions.com
1 > Connection: Keep-Alive
1 > User-Agent: Apache-HttpClient/4.5.14 (Java/17.0.12)
1 > Accept-Encoding: gzip,deflate
[{"Id":"configId","Header":"configId","Value":"0413f204-c057-427c-9439-44091f1470d0"},{"Id":"driveId","Header":"driveId","Value":"07c798cb-2b88-4e23-aaec-fbdba670ac23"},{"Id":"culture","Header":"culture","Value":"EN-US"},{"Id":"projectId","Header":"projectId","Value":"9103b22a-d525-4b79-938c-4e0260bce013"},{"Id":"range-of-app","Header":"Range of application","Value":"Façade"},{"Id":"opening-type","Header":"Opening type","Value":"Bottom-hung vent"},{"Id":"opening-direction","Header":"Opening direction","Value":"Inward"},{"Id":"how-calc-weight","Header":"Vent weight","Value":"Weight including glass"},{"Id":"Chain-Length","Header":"Chain- \/ connecting rod handle","Value":"100%"},{"Id":"drive-position","Header":"Drive position","Value":"Side installation"},{"Id":"locking-mechanism","Header":"Locking mechanism","Value":"With"},{"Id":"voltage","Header":"Voltage","Value":"24 V"},{"Id":"drive-type","Header":"Drive type","Value":"Chain drive"},{"Id":"type-installation","Header":"Type of installation","Value":"Pivoting Outer Frame Installation"},{"Id":"calculation-type-for-ventilation-area","Header":"Calculation type for ventilation area","Value":"Method in accordance with ASR 3.6"}]

12:17:50.533 [main] DEBUG com.intuit.karate - response time in milliseconds: 2210
1 < 200
1 < Content-Type: application/json; charset=utf-8
1 < Date: Tue, 19 Nov 2024 06:47:50 GMT
1 < Server: Microsoft-IIS/10.0
1 < X-Powered-By: ASP.NET
1 < Content-Length: 197
1 < Connection: keep-alive
{
  "result": "https://drive-tec-dev.s3.amazonaws.com/new_project-Chain_actuator_D2_L200.pdf?AWSAccessKeyId=AKIAZAWIART4ZFAXXPHK&Expires=1732002470&Signature=saeh7%2FpMZtCpalxkig4t%2FAq2J0Q%3D"
}

12:17:50.533 [main] INFO  com.intuit.karate - PDF Download URL: https://drive-tec-dev.s3.amazonaws.com/new_project-Chain_actuator_D2_L200.pdf?AWSAccessKeyId=AKIAZAWIART4ZFAXXPHK&Expires=1732002470&Signature=saeh7%2FpMZtCpalxkig4t%2FAq2J0Q%3D 
---------------------------------------------------------
feature: classpath:drivetecTestCases/features/pdfdownload.feature
scenarios:  1 | passed:  1 | failed:  0 | time: 2.2209
---------------------------------------------------------

12:17:50.620 [main] INFO  com.intuit.karate.Suite - <<pass>> feature 2 of 2 (0 remaining) classpath:drivetecTestCases/features/pdfdownload.feature
Karate version: 1.5.0
======================================================
elapsed:  64.71 | threads:    1 | thread time: 55.91 
features:     2 | skipped:    0 | efficiency: 0.86
scenarios:   70 | passed:    68 | failed: 2
======================================================
>>> failed features:
match failed: EQUALS
  $ | not equal (NUMBER:NUMBER)
  4.58
  5

classpath:drivetecTestCases/features/driveteclogin.feature:184
match failed: EQUALS
  $ | not equal (NUMBER:NUMBER)
  7.75
  8

classpath:drivetecTestCases/features/driveteclogin.feature:184
<<<

HTML report: (paste into browser to view) | Karate version: 1.5.0
file:///C:/Users/jagan/DrivetecAPIAutomation/drivetec/target/karate-reports/karate-summary.html
===================================================================

12:17:51.104 [main] INFO  n.m.cucumber.ReportParser - File 'C:\Users\jagan\DrivetecAPIAutomation\drivetec\target\karate-reports\drivetecTestCases.features.driveteclogin.json' contains 1 feature(s)
12:17:51.104 [main] INFO  n.m.cucumber.ReportParser - File 'C:\Users\jagan\DrivetecAPIAutomation\drivetec\target\karate-reports\drivetecTestCases.features.pdfdownload.json' contains 1 feature(s)
]]></system-out>
    <system-err><![CDATA[line 1:0 token recognition error at: 'f'
line 1:1 token recognition error at: 'e'
line 1:2 token recognition error at: 'a'
line 1:3 token recognition error at: 't'
line 1:4 token recognition error at: 'u'
line 1:5 token recognition error at: 'r'
line 1:6 token recognition error at: 'e'
line 1:7 token recognition error at: ' f'
line 1:9 token recognition error at: 'i'
line 1:10 token recognition error at: 'l'
line 1:11 token recognition error at: 'e'
line 1:0 token recognition error at: 'f'
line 1:1 token recognition error at: 'e'
line 1:2 token recognition error at: 'a'
line 1:3 token recognition error at: 't'
line 1:4 token recognition error at: 'u'
line 1:5 token recognition error at: 'r'
line 1:6 token recognition error at: 'e'
line 1:7 token recognition error at: ' f'
line 1:9 token recognition error at: 'i'
line 1:10 token recognition error at: 'l'
line 1:11 token recognition error at: 'e'
]]></system-err>
  </testcase>
</testsuite>